[2.717s] Invoking command in '/home/joe/robot_ws/src/py_pubsub': PYTHONPATH=/home/joe/robot_ws/build/py_pubsub/prefix_override:/home/joe/robot_ws/install/py_pubsub/lib/python3.8/site-packages: /usr/bin/python3 setup.py egg_info --egg-base ../../build/py_pubsub build --build-base /home/joe/robot_ws/build/py_pubsub/build install --record /home/joe/robot_ws/build/py_pubsub/install.log --install-scripts $base/lib/py_pubsub --single-version-externally-managed
[3.716s] running egg_info
[3.719s] writing ../../build/py_pubsub/py_pubsub.egg-info/PKG-INFO
[3.719s] writing dependency_links to ../../build/py_pubsub/py_pubsub.egg-info/dependency_links.txt
[3.720s] writing entry points to ../../build/py_pubsub/py_pubsub.egg-info/entry_points.txt
[3.722s] writing requirements to ../../build/py_pubsub/py_pubsub.egg-info/requires.txt
[3.722s] writing top-level names to ../../build/py_pubsub/py_pubsub.egg-info/top_level.txt
[3.896s] reading manifest file '../../build/py_pubsub/py_pubsub.egg-info/SOURCES.txt'
[3.899s] writing manifest file '../../build/py_pubsub/py_pubsub.egg-info/SOURCES.txt'
[3.900s] running build
[3.900s] running build_py
[3.901s] copying py_pubsub/controller.py -> /home/joe/robot_ws/build/py_pubsub/build/lib/py_pubsub
[3.901s] running install
[3.905s] running install_lib
[3.908s] copying /home/joe/robot_ws/build/py_pubsub/build/lib/py_pubsub/controller.py -> /home/joe/robot_ws/install/py_pubsub/lib/python3.8/site-packages/py_pubsub
[3.910s] byte-compiling /home/joe/robot_ws/install/py_pubsub/lib/python3.8/site-packages/py_pubsub/controller.py to controller.cpython-38.pyc
[3.917s] running install_data
[3.919s] running install_egg_info
[3.926s] removing '/home/joe/robot_ws/install/py_pubsub/lib/python3.8/site-packages/py_pubsub-0.0.0-py3.8.egg-info' (and everything under it)
[3.927s] Copying ../../build/py_pubsub/py_pubsub.egg-info to /home/joe/robot_ws/install/py_pubsub/lib/python3.8/site-packages/py_pubsub-0.0.0-py3.8.egg-info
[3.933s] running install_scripts
[4.004s] Installing controller script to /home/joe/robot_ws/install/py_pubsub/lib/py_pubsub
[4.005s] Installing robot script to /home/joe/robot_ws/install/py_pubsub/lib/py_pubsub
[4.006s] writing list of installed files to '/home/joe/robot_ws/build/py_pubsub/install.log'
[4.116s] Invoked command in '/home/joe/robot_ws/src/py_pubsub' returned '0': PYTHONPATH=/home/joe/robot_ws/build/py_pubsub/prefix_override:/home/joe/robot_ws/install/py_pubsub/lib/python3.8/site-packages: /usr/bin/python3 setup.py egg_info --egg-base ../../build/py_pubsub build --build-base /home/joe/robot_ws/build/py_pubsub/build install --record /home/joe/robot_ws/build/py_pubsub/install.log --install-scripts $base/lib/py_pubsub --single-version-externally-managed
