[2.715s] Invoking command in '/home/joe/robot_ws/src/py_pubsub': PYTHONPATH=/home/joe/robot_ws/build/py_pubsub/prefix_override:/home/joe/robot_ws/install/py_pubsub/lib/python3.8/site-packages: /usr/bin/python3 setup.py egg_info --egg-base ../../build/py_pubsub build --build-base /home/joe/robot_ws/build/py_pubsub/build install --record /home/joe/robot_ws/build/py_pubsub/install.log --install-scripts $base/lib/py_pubsub --single-version-externally-managed
[3.608s] running egg_info
[3.610s] writing ../../build/py_pubsub/py_pubsub.egg-info/PKG-INFO
[3.611s] writing dependency_links to ../../build/py_pubsub/py_pubsub.egg-info/dependency_links.txt
[3.612s] writing entry points to ../../build/py_pubsub/py_pubsub.egg-info/entry_points.txt
[3.612s] writing requirements to ../../build/py_pubsub/py_pubsub.egg-info/requires.txt
[3.612s] writing top-level names to ../../build/py_pubsub/py_pubsub.egg-info/top_level.txt
[3.786s] reading manifest file '../../build/py_pubsub/py_pubsub.egg-info/SOURCES.txt'
[3.790s] writing manifest file '../../build/py_pubsub/py_pubsub.egg-info/SOURCES.txt'
[3.790s] running build
[3.791s] running build_py
[3.791s] running install
[3.794s] running install_lib
[3.800s] running install_data
[3.802s] running install_egg_info
[3.807s] removing '/home/joe/robot_ws/install/py_pubsub/lib/python3.8/site-packages/py_pubsub-0.0.0-py3.8.egg-info' (and everything under it)
[3.809s] Copying ../../build/py_pubsub/py_pubsub.egg-info to /home/joe/robot_ws/install/py_pubsub/lib/python3.8/site-packages/py_pubsub-0.0.0-py3.8.egg-info
[3.812s] running install_scripts
[3.885s] Installing controller script to /home/joe/robot_ws/install/py_pubsub/lib/py_pubsub
[3.885s] Installing robot script to /home/joe/robot_ws/install/py_pubsub/lib/py_pubsub
[3.887s] writing list of installed files to '/home/joe/robot_ws/build/py_pubsub/install.log'
[3.994s] Invoked command in '/home/joe/robot_ws/src/py_pubsub' returned '0': PYTHONPATH=/home/joe/robot_ws/build/py_pubsub/prefix_override:/home/joe/robot_ws/install/py_pubsub/lib/python3.8/site-packages: /usr/bin/python3 setup.py egg_info --egg-base ../../build/py_pubsub build --build-base /home/joe/robot_ws/build/py_pubsub/build install --record /home/joe/robot_ws/build/py_pubsub/install.log --install-scripts $base/lib/py_pubsub --single-version-externally-managed
