[2.792s] Invoking command in '/home/joe/robot_ws/src/py_pubsub': PYTHONPATH=/home/joe/robot_ws/build/py_pubsub/prefix_override:/home/joe/robot_ws/install/py_pubsub/lib/python3.8/site-packages: /usr/bin/python3 setup.py egg_info --egg-base ../../build/py_pubsub build --build-base /home/joe/robot_ws/build/py_pubsub/build install --record /home/joe/robot_ws/build/py_pubsub/install.log --install-scripts $base/lib/py_pubsub --single-version-externally-managed
[3.714s] running egg_info
[3.716s] writing ../../build/py_pubsub/py_pubsub.egg-info/PKG-INFO
[3.717s] writing dependency_links to ../../build/py_pubsub/py_pubsub.egg-info/dependency_links.txt
[3.718s] writing entry points to ../../build/py_pubsub/py_pubsub.egg-info/entry_points.txt
[3.718s] writing requirements to ../../build/py_pubsub/py_pubsub.egg-info/requires.txt
[3.719s] writing top-level names to ../../build/py_pubsub/py_pubsub.egg-info/top_level.txt
[3.891s] reading manifest file '../../build/py_pubsub/py_pubsub.egg-info/SOURCES.txt'
[3.895s] writing manifest file '../../build/py_pubsub/py_pubsub.egg-info/SOURCES.txt'
[3.895s] running build
[3.896s] running build_py
[3.896s] copying py_pubsub/controller.py -> /home/joe/robot_ws/build/py_pubsub/build/lib/py_pubsub
[3.897s] running install
[3.900s] running install_lib
[3.904s] copying /home/joe/robot_ws/build/py_pubsub/build/lib/py_pubsub/controller.py -> /home/joe/robot_ws/install/py_pubsub/lib/python3.8/site-packages/py_pubsub
[3.906s] byte-compiling /home/joe/robot_ws/install/py_pubsub/lib/python3.8/site-packages/py_pubsub/controller.py to controller.cpython-38.pyc
[3.914s] running install_data
[3.916s] running install_egg_info
[3.921s] removing '/home/joe/robot_ws/install/py_pubsub/lib/python3.8/site-packages/py_pubsub-0.0.0-py3.8.egg-info' (and everything under it)
[3.923s] Copying ../../build/py_pubsub/py_pubsub.egg-info to /home/joe/robot_ws/install/py_pubsub/lib/python3.8/site-packages/py_pubsub-0.0.0-py3.8.egg-info
[3.926s] running install_scripts
[4.000s] Installing controller script to /home/joe/robot_ws/install/py_pubsub/lib/py_pubsub
[4.001s] Installing robot script to /home/joe/robot_ws/install/py_pubsub/lib/py_pubsub
[4.002s] writing list of installed files to '/home/joe/robot_ws/build/py_pubsub/install.log'
[4.113s] Invoked command in '/home/joe/robot_ws/src/py_pubsub' returned '0': PYTHONPATH=/home/joe/robot_ws/build/py_pubsub/prefix_override:/home/joe/robot_ws/install/py_pubsub/lib/python3.8/site-packages: /usr/bin/python3 setup.py egg_info --egg-base ../../build/py_pubsub build --build-base /home/joe/robot_ws/build/py_pubsub/build install --record /home/joe/robot_ws/build/py_pubsub/install.log --install-scripts $base/lib/py_pubsub --single-version-externally-managed
