[3.068s] Invoking command in '/home/joe/robot_ws/src/py_pubsub': PYTHONPATH=/home/joe/robot_ws/build/py_pubsub/prefix_override:/home/joe/robot_ws/install/py_pubsub/lib/python3.8/site-packages: /usr/bin/python3 setup.py egg_info --egg-base ../../build/py_pubsub build --build-base /home/joe/robot_ws/build/py_pubsub/build install --record /home/joe/robot_ws/build/py_pubsub/install.log --install-scripts $base/lib/py_pubsub --single-version-externally-managed
[4.035s] running egg_info
[4.037s] writing ../../build/py_pubsub/py_pubsub.egg-info/PKG-INFO
[4.038s] writing dependency_links to ../../build/py_pubsub/py_pubsub.egg-info/dependency_links.txt
[4.039s] writing entry points to ../../build/py_pubsub/py_pubsub.egg-info/entry_points.txt
[4.039s] writing requirements to ../../build/py_pubsub/py_pubsub.egg-info/requires.txt
[4.040s] writing top-level names to ../../build/py_pubsub/py_pubsub.egg-info/top_level.txt
[4.222s] reading manifest file '../../build/py_pubsub/py_pubsub.egg-info/SOURCES.txt'
[4.227s] writing manifest file '../../build/py_pubsub/py_pubsub.egg-info/SOURCES.txt'
[4.228s] running build
[4.228s] running build_py
[4.229s] copying py_pubsub/controller.py -> /home/joe/robot_ws/build/py_pubsub/build/lib/py_pubsub
[4.229s] running install
[4.233s] running install_lib
[4.236s] copying /home/joe/robot_ws/build/py_pubsub/build/lib/py_pubsub/controller.py -> /home/joe/robot_ws/install/py_pubsub/lib/python3.8/site-packages/py_pubsub
[4.240s] byte-compiling /home/joe/robot_ws/install/py_pubsub/lib/python3.8/site-packages/py_pubsub/controller.py to controller.cpython-38.pyc
[4.249s] running install_data
[4.252s] running install_egg_info
[4.258s] removing '/home/joe/robot_ws/install/py_pubsub/lib/python3.8/site-packages/py_pubsub-0.0.0-py3.8.egg-info' (and everything under it)
[4.260s] Copying ../../build/py_pubsub/py_pubsub.egg-info to /home/joe/robot_ws/install/py_pubsub/lib/python3.8/site-packages/py_pubsub-0.0.0-py3.8.egg-info
[4.270s] running install_scripts
[4.335s] Installing controller script to /home/joe/robot_ws/install/py_pubsub/lib/py_pubsub
[4.337s] Installing robot script to /home/joe/robot_ws/install/py_pubsub/lib/py_pubsub
[4.338s] writing list of installed files to '/home/joe/robot_ws/build/py_pubsub/install.log'
[4.445s] Invoked command in '/home/joe/robot_ws/src/py_pubsub' returned '0': PYTHONPATH=/home/joe/robot_ws/build/py_pubsub/prefix_override:/home/joe/robot_ws/install/py_pubsub/lib/python3.8/site-packages: /usr/bin/python3 setup.py egg_info --egg-base ../../build/py_pubsub build --build-base /home/joe/robot_ws/build/py_pubsub/build install --record /home/joe/robot_ws/build/py_pubsub/install.log --install-scripts $base/lib/py_pubsub --single-version-externally-managed
