[1.781s] DEBUG:colcon:Command line arguments: ['/usr/bin/colcon', 'build']
[1.781s] DEBUG:colcon:Parsed command line arguments: Namespace(allow_overriding=[], ament_cmake_args=None, base_paths=['.'], build_base='build', catkin_cmake_args=None, catkin_skip_building_tests=False, cmake_args=None, cmake_clean_cache=False, cmake_clean_first=False, cmake_force_configure=False, cmake_target=None, cmake_target_skip_unavailable=False, continue_on_error=False, event_handlers=None, executor='parallel', ignore_user_meta=False, install_base='install', log_base=None, log_level=None, main=<bound method BuildVerb.main of <colcon_core.verb.build.BuildVerb object at 0x7f9d51ddc0>>, merge_install=False, metas=['./colcon.meta'], packages_above=None, packages_above_and_dependencies=None, packages_above_depth=None, packages_end=None, packages_ignore=None, packages_ignore_regex=None, packages_select=None, packages_select_build_failed=False, packages_select_by_dep=None, packages_select_regex=None, packages_select_test_failures=False, packages_skip=None, packages_skip_build_finished=False, packages_skip_by_dep=None, packages_skip_regex=None, packages_skip_test_passed=False, packages_skip_up_to=None, packages_start=None, packages_up_to=None, packages_up_to_regex=None, parallel_workers=4, paths=None, symlink_install=False, test_result_base=None, verb_extension=<colcon_core.verb.build.BuildVerb object at 0x7f9d51ddc0>, verb_name='build', verb_parser=<colcon_defaults.argument_parser.defaults.DefaultArgumentsDecorator object at 0x7f9d526370>)
[2.004s] Level 1:colcon.colcon_core.package_discovery:discover_packages(colcon_meta) check parameters
[2.005s] Level 1:colcon.colcon_core.package_discovery:discover_packages(recursive) check parameters
[2.005s] Level 1:colcon.colcon_core.package_discovery:discover_packages(ignore) check parameters
[2.005s] Level 1:colcon.colcon_core.package_discovery:discover_packages(path) check parameters
[2.005s] Level 1:colcon.colcon_core.package_discovery:discover_packages(colcon_meta) discover
[2.006s] Level 1:colcon.colcon_core.package_discovery:discover_packages(recursive) discover
[2.006s] INFO:colcon.colcon_core.package_discovery:Crawling recursively for packages in '/home/joe/robot_ws'
[2.006s] Level 1:colcon.colcon_core.package_identification:_identify(.) by extensions ['ignore', 'ignore_ament_install']
[2.007s] Level 1:colcon.colcon_core.package_identification:_identify(.) by extension 'ignore'
[2.007s] Level 1:colcon.colcon_core.package_identification:_identify(.) by extension 'ignore_ament_install'
[2.007s] Level 1:colcon.colcon_core.package_identification:_identify(.) by extensions ['colcon_pkg']
[2.007s] Level 1:colcon.colcon_core.package_identification:_identify(.) by extension 'colcon_pkg'
[2.008s] Level 1:colcon.colcon_core.package_identification:_identify(.) by extensions ['colcon_meta']
[2.008s] Level 1:colcon.colcon_core.package_identification:_identify(.) by extension 'colcon_meta'
[2.008s] Level 1:colcon.colcon_core.package_identification:_identify(.) by extensions ['ros']
[2.008s] Level 1:colcon.colcon_core.package_identification:_identify(.) by extension 'ros'
[2.113s] Level 1:colcon.colcon_core.package_identification:_identify(.) by extensions ['cmake', 'python']
[2.113s] Level 1:colcon.colcon_core.package_identification:_identify(.) by extension 'cmake'
[2.114s] Level 1:colcon.colcon_core.package_identification:_identify(.) by extension 'python'
[2.114s] Level 1:colcon.colcon_core.package_identification:_identify(.) by extensions ['python_setup_py']
[2.114s] Level 1:colcon.colcon_core.package_identification:_identify(.) by extension 'python_setup_py'
[2.115s] Level 1:colcon.colcon_core.package_identification:_identify(build) by extensions ['ignore', 'ignore_ament_install']
[2.115s] Level 1:colcon.colcon_core.package_identification:_identify(build) by extension 'ignore'
[2.115s] Level 1:colcon.colcon_core.package_identification:_identify(build) ignored
[2.116s] Level 1:colcon.colcon_core.package_identification:_identify(install) by extensions ['ignore', 'ignore_ament_install']
[2.116s] Level 1:colcon.colcon_core.package_identification:_identify(install) by extension 'ignore'
[2.117s] Level 1:colcon.colcon_core.package_identification:_identify(install) ignored
[2.117s] Level 1:colcon.colcon_core.package_identification:_identify(log) by extensions ['ignore', 'ignore_ament_install']
[2.117s] Level 1:colcon.colcon_core.package_identification:_identify(log) by extension 'ignore'
[2.118s] Level 1:colcon.colcon_core.package_identification:_identify(log) ignored
[2.118s] Level 1:colcon.colcon_core.package_identification:_identify(src) by extensions ['ignore', 'ignore_ament_install']
[2.118s] Level 1:colcon.colcon_core.package_identification:_identify(src) by extension 'ignore'
[2.118s] Level 1:colcon.colcon_core.package_identification:_identify(src) by extension 'ignore_ament_install'
[2.119s] Level 1:colcon.colcon_core.package_identification:_identify(src) by extensions ['colcon_pkg']
[2.119s] Level 1:colcon.colcon_core.package_identification:_identify(src) by extension 'colcon_pkg'
[2.119s] Level 1:colcon.colcon_core.package_identification:_identify(src) by extensions ['colcon_meta']
[2.119s] Level 1:colcon.colcon_core.package_identification:_identify(src) by extension 'colcon_meta'
[2.119s] Level 1:colcon.colcon_core.package_identification:_identify(src) by extensions ['ros']
[2.120s] Level 1:colcon.colcon_core.package_identification:_identify(src) by extension 'ros'
[2.120s] Level 1:colcon.colcon_core.package_identification:_identify(src) by extensions ['cmake', 'python']
[2.120s] Level 1:colcon.colcon_core.package_identification:_identify(src) by extension 'cmake'
[2.120s] Level 1:colcon.colcon_core.package_identification:_identify(src) by extension 'python'
[2.121s] Level 1:colcon.colcon_core.package_identification:_identify(src) by extensions ['python_setup_py']
[2.121s] Level 1:colcon.colcon_core.package_identification:_identify(src) by extension 'python_setup_py'
[2.121s] Level 1:colcon.colcon_core.package_identification:_identify(src/py_pubsub) by extensions ['ignore', 'ignore_ament_install']
[2.122s] Level 1:colcon.colcon_core.package_identification:_identify(src/py_pubsub) by extension 'ignore'
[2.122s] Level 1:colcon.colcon_core.package_identification:_identify(src/py_pubsub) by extension 'ignore_ament_install'
[2.122s] Level 1:colcon.colcon_core.package_identification:_identify(src/py_pubsub) by extensions ['colcon_pkg']
[2.122s] Level 1:colcon.colcon_core.package_identification:_identify(src/py_pubsub) by extension 'colcon_pkg'
[2.122s] Level 1:colcon.colcon_core.package_identification:_identify(src/py_pubsub) by extensions ['colcon_meta']
[2.123s] Level 1:colcon.colcon_core.package_identification:_identify(src/py_pubsub) by extension 'colcon_meta'
[2.123s] Level 1:colcon.colcon_core.package_identification:_identify(src/py_pubsub) by extensions ['ros']
[2.123s] Level 1:colcon.colcon_core.package_identification:_identify(src/py_pubsub) by extension 'ros'
[2.140s] DEBUG:colcon.colcon_core.package_identification:Package 'src/py_pubsub' with type 'ros.ament_python' and name 'py_pubsub'
[2.141s] Level 1:colcon.colcon_core.package_discovery:discover_packages(recursive) using defaults
[2.141s] Level 1:colcon.colcon_core.package_discovery:discover_packages(ignore) discover
[2.141s] Level 1:colcon.colcon_core.package_discovery:discover_packages(ignore) using defaults
[2.141s] Level 1:colcon.colcon_core.package_discovery:discover_packages(path) discover
[2.141s] Level 1:colcon.colcon_core.package_discovery:discover_packages(path) using defaults
[2.264s] Level 1:colcon.colcon_core.package_discovery:discover_packages(prefix_path) check parameters
[2.265s] Level 1:colcon.colcon_core.package_discovery:discover_packages(prefix_path) discover
[2.279s] Level 1:colcon.colcon_core.package_discovery:discover_packages(prefix_path) using defaults
[2.290s] Level 5:colcon.colcon_core.verb:set package 'py_pubsub' build argument 'cmake_args' from command line to 'None'
[2.290s] Level 5:colcon.colcon_core.verb:set package 'py_pubsub' build argument 'cmake_target' from command line to 'None'
[2.290s] Level 5:colcon.colcon_core.verb:set package 'py_pubsub' build argument 'cmake_target_skip_unavailable' from command line to 'False'
[2.291s] Level 5:colcon.colcon_core.verb:set package 'py_pubsub' build argument 'cmake_clean_cache' from command line to 'False'
[2.291s] Level 5:colcon.colcon_core.verb:set package 'py_pubsub' build argument 'cmake_clean_first' from command line to 'False'
[2.291s] Level 5:colcon.colcon_core.verb:set package 'py_pubsub' build argument 'cmake_force_configure' from command line to 'False'
[2.291s] Level 5:colcon.colcon_core.verb:set package 'py_pubsub' build argument 'ament_cmake_args' from command line to 'None'
[2.291s] Level 5:colcon.colcon_core.verb:set package 'py_pubsub' build argument 'catkin_cmake_args' from command line to 'None'
[2.291s] Level 5:colcon.colcon_core.verb:set package 'py_pubsub' build argument 'catkin_skip_building_tests' from command line to 'False'
[2.291s] DEBUG:colcon.colcon_core.verb:Building package 'py_pubsub' with the following arguments: {'ament_cmake_args': None, 'build_base': '/home/joe/robot_ws/build/py_pubsub', 'catkin_cmake_args': None, 'catkin_skip_building_tests': False, 'cmake_args': None, 'cmake_clean_cache': False, 'cmake_clean_first': False, 'cmake_force_configure': False, 'cmake_target': None, 'cmake_target_skip_unavailable': False, 'install_base': '/home/joe/robot_ws/install/py_pubsub', 'merge_install': False, 'path': '/home/joe/robot_ws/src/py_pubsub', 'symlink_install': False, 'test_result_base': None}
[2.295s] INFO:colcon.colcon_core.executor:Executing jobs using 'parallel' executor
[2.310s] DEBUG:colcon.colcon_parallel_executor.executor.parallel:run_until_complete
[2.311s] INFO:colcon.colcon_ros.task.ament_python.build:Building ROS package in '/home/joe/robot_ws/src/py_pubsub' with build type 'ament_python'
[2.311s] Level 1:colcon.colcon_core.shell:create_environment_hook('py_pubsub', 'ament_prefix_path')
[2.367s] INFO:colcon.colcon_core.plugin_system:Skipping extension 'colcon_core.shell.bat': Not used on non-Windows systems
[2.369s] INFO:colcon.colcon_core.shell:Creating environment hook '/home/joe/robot_ws/install/py_pubsub/share/py_pubsub/hook/ament_prefix_path.ps1'
[2.375s] INFO:colcon.colcon_core.shell:Creating environment descriptor '/home/joe/robot_ws/install/py_pubsub/share/py_pubsub/hook/ament_prefix_path.dsv'
[2.379s] INFO:colcon.colcon_core.shell:Creating environment hook '/home/joe/robot_ws/install/py_pubsub/share/py_pubsub/hook/ament_prefix_path.sh'
[2.393s] INFO:colcon.colcon_core.shell:Skip shell extension 'powershell' for command environment: Not usable outside of PowerShell
[2.393s] DEBUG:colcon.colcon_core.shell:Skip shell extension 'dsv' for command environment
[3.405s] INFO:colcon.colcon_core.task.python.build:Building Python package in '/home/joe/robot_ws/src/py_pubsub'
[3.413s] INFO:colcon.colcon_core.shell:Skip shell extension 'powershell' for command environment: Not usable outside of PowerShell
[3.413s] DEBUG:colcon.colcon_core.shell:Skip shell extension 'dsv' for command environment
[5.503s] DEBUG:colcon.colcon_core.event_handler.log_command:Invoking command in '/home/joe/robot_ws/src/py_pubsub': PYTHONPATH=/home/joe/robot_ws/build/py_pubsub/prefix_override:/home/joe/robot_ws/install/py_pubsub/lib/python3.8/site-packages: /usr/bin/python3 setup.py egg_info --egg-base ../../build/py_pubsub build --build-base /home/joe/robot_ws/build/py_pubsub/build install --record /home/joe/robot_ws/build/py_pubsub/install.log --install-scripts $base/lib/py_pubsub --single-version-externally-managed
[6.801s] DEBUG:colcon.colcon_core.event_handler.log_command:Invoked command in '/home/joe/robot_ws/src/py_pubsub' returned '0': PYTHONPATH=/home/joe/robot_ws/build/py_pubsub/prefix_override:/home/joe/robot_ws/install/py_pubsub/lib/python3.8/site-packages: /usr/bin/python3 setup.py egg_info --egg-base ../../build/py_pubsub build --build-base /home/joe/robot_ws/build/py_pubsub/build install --record /home/joe/robot_ws/build/py_pubsub/install.log --install-scripts $base/lib/py_pubsub --single-version-externally-managed
[6.848s] Level 1:colcon.colcon_core.environment:checking '/home/joe/robot_ws/install/py_pubsub' for CMake module files
[6.852s] Level 1:colcon.colcon_core.environment:checking '/home/joe/robot_ws/install/py_pubsub' for CMake config files
[6.855s] Level 1:colcon.colcon_core.environment:checking '/home/joe/robot_ws/install/py_pubsub/lib'
[6.856s] Level 1:colcon.colcon_core.environment:checking '/home/joe/robot_ws/install/py_pubsub/bin'
[6.856s] Level 1:colcon.colcon_core.environment:checking '/home/joe/robot_ws/install/py_pubsub/lib/pkgconfig/py_pubsub.pc'
[6.857s] Level 1:colcon.colcon_core.environment:checking '/home/joe/robot_ws/install/py_pubsub/lib/python3.8/site-packages'
[6.858s] Level 1:colcon.colcon_core.shell:create_environment_hook('py_pubsub', 'pythonpath')
[6.865s] INFO:colcon.colcon_core.shell:Creating environment hook '/home/joe/robot_ws/install/py_pubsub/share/py_pubsub/hook/pythonpath.ps1'
[6.867s] INFO:colcon.colcon_core.shell:Creating environment descriptor '/home/joe/robot_ws/install/py_pubsub/share/py_pubsub/hook/pythonpath.dsv'
[6.869s] INFO:colcon.colcon_core.shell:Creating environment hook '/home/joe/robot_ws/install/py_pubsub/share/py_pubsub/hook/pythonpath.sh'
[6.871s] Level 1:colcon.colcon_core.environment:checking '/home/joe/robot_ws/install/py_pubsub/bin'
[6.872s] Level 1:colcon.colcon_core.environment:create_environment_scripts_only(py_pubsub)
[6.879s] INFO:colcon.colcon_core.shell:Creating package script '/home/joe/robot_ws/install/py_pubsub/share/py_pubsub/package.ps1'
[6.886s] INFO:colcon.colcon_core.shell:Creating package descriptor '/home/joe/robot_ws/install/py_pubsub/share/py_pubsub/package.dsv'
[6.890s] INFO:colcon.colcon_core.shell:Creating package script '/home/joe/robot_ws/install/py_pubsub/share/py_pubsub/package.sh'
[6.895s] INFO:colcon.colcon_core.shell:Creating package script '/home/joe/robot_ws/install/py_pubsub/share/py_pubsub/package.bash'
[6.902s] INFO:colcon.colcon_core.shell:Creating package script '/home/joe/robot_ws/install/py_pubsub/share/py_pubsub/package.zsh'
[6.908s] Level 1:colcon.colcon_core.environment:create_file_with_runtime_dependencies(/home/joe/robot_ws/install/py_pubsub/share/colcon-core/packages/py_pubsub)
[6.910s] DEBUG:colcon.colcon_parallel_executor.executor.parallel:closing loop
[6.911s] DEBUG:colcon.colcon_parallel_executor.executor.parallel:loop closed
[6.912s] DEBUG:colcon.colcon_parallel_executor.executor.parallel:run_until_complete finished with '0'
[6.912s] DEBUG:colcon.colcon_core.event_reactor:joining thread
[6.947s] INFO:colcon.colcon_core.plugin_system:Skipping extension 'colcon_notification.desktop_notification.terminal_notifier': Not used on non-Darwin systems
[6.948s] INFO:colcon.colcon_core.plugin_system:Skipping extension 'colcon_notification.desktop_notification.win32': Not used on non-Windows systems
[6.948s] INFO:colcon.colcon_notification.desktop_notification:Sending desktop notification using 'notify2'
[7.716s] DEBUG:colcon.colcon_core.event_reactor:joined thread
[7.725s] INFO:colcon.colcon_core.shell:Creating prefix script '/home/joe/robot_ws/install/local_setup.ps1'
[7.732s] INFO:colcon.colcon_core.shell:Creating prefix util module '/home/joe/robot_ws/install/_local_setup_util_ps1.py'
[7.740s] INFO:colcon.colcon_core.shell:Creating prefix chain script '/home/joe/robot_ws/install/setup.ps1'
[7.757s] INFO:colcon.colcon_core.shell:Creating prefix script '/home/joe/robot_ws/install/local_setup.sh'
[7.761s] INFO:colcon.colcon_core.shell:Creating prefix util module '/home/joe/robot_ws/install/_local_setup_util_sh.py'
[7.763s] INFO:colcon.colcon_core.shell:Creating prefix chain script '/home/joe/robot_ws/install/setup.sh'
[7.770s] INFO:colcon.colcon_core.shell:Creating prefix script '/home/joe/robot_ws/install/local_setup.bash'
[7.774s] INFO:colcon.colcon_core.shell:Creating prefix chain script '/home/joe/robot_ws/install/setup.bash'
[7.780s] INFO:colcon.colcon_core.shell:Creating prefix script '/home/joe/robot_ws/install/local_setup.zsh'
[7.783s] INFO:colcon.colcon_core.shell:Creating prefix chain script '/home/joe/robot_ws/install/setup.zsh'
