[1.596s] DEBUG:colcon:Command line arguments: ['/usr/bin/colcon', 'build']
[1.596s] DEBUG:colcon:Parsed command line arguments: Namespace(allow_overriding=[], ament_cmake_args=None, base_paths=['.'], build_base='build', catkin_cmake_args=None, catkin_skip_building_tests=False, cmake_args=None, cmake_clean_cache=False, cmake_clean_first=False, cmake_force_configure=False, cmake_target=None, cmake_target_skip_unavailable=False, continue_on_error=False, event_handlers=None, executor='parallel', ignore_user_meta=False, install_base='install', log_base=None, log_level=None, main=<bound method BuildVerb.main of <colcon_core.verb.build.BuildVerb object at 0x7f76a21c10>>, merge_install=False, metas=['./colcon.meta'], packages_above=None, packages_above_and_dependencies=None, packages_above_depth=None, packages_end=None, packages_ignore=None, packages_ignore_regex=None, packages_select=None, packages_select_build_failed=False, packages_select_by_dep=None, packages_select_regex=None, packages_select_test_failures=False, packages_skip=None, packages_skip_build_finished=False, packages_skip_by_dep=None, packages_skip_regex=None, packages_skip_test_passed=False, packages_skip_up_to=None, packages_start=None, packages_up_to=None, packages_up_to_regex=None, parallel_workers=4, paths=None, symlink_install=False, test_result_base=None, verb_extension=<colcon_core.verb.build.BuildVerb object at 0x7f76a21c10>, verb_name='build', verb_parser=<colcon_defaults.argument_parser.defaults.DefaultArgumentsDecorator object at 0x7f76a291c0>)
[1.796s] Level 1:colcon.colcon_core.package_discovery:discover_packages(colcon_meta) check parameters
[1.796s] Level 1:colcon.colcon_core.package_discovery:discover_packages(recursive) check parameters
[1.797s] Level 1:colcon.colcon_core.package_discovery:discover_packages(ignore) check parameters
[1.797s] Level 1:colcon.colcon_core.package_discovery:discover_packages(path) check parameters
[1.797s] Level 1:colcon.colcon_core.package_discovery:discover_packages(colcon_meta) discover
[1.797s] Level 1:colcon.colcon_core.package_discovery:discover_packages(recursive) discover
[1.797s] INFO:colcon.colcon_core.package_discovery:Crawling recursively for packages in '/home/joe/robot_ws'
[1.798s] Level 1:colcon.colcon_core.package_identification:_identify(.) by extensions ['ignore', 'ignore_ament_install']
[1.798s] Level 1:colcon.colcon_core.package_identification:_identify(.) by extension 'ignore'
[1.799s] Level 1:colcon.colcon_core.package_identification:_identify(.) by extension 'ignore_ament_install'
[1.799s] Level 1:colcon.colcon_core.package_identification:_identify(.) by extensions ['colcon_pkg']
[1.799s] Level 1:colcon.colcon_core.package_identification:_identify(.) by extension 'colcon_pkg'
[1.800s] Level 1:colcon.colcon_core.package_identification:_identify(.) by extensions ['colcon_meta']
[1.800s] Level 1:colcon.colcon_core.package_identification:_identify(.) by extension 'colcon_meta'
[1.800s] Level 1:colcon.colcon_core.package_identification:_identify(.) by extensions ['ros']
[1.800s] Level 1:colcon.colcon_core.package_identification:_identify(.) by extension 'ros'
[1.907s] Level 1:colcon.colcon_core.package_identification:_identify(.) by extensions ['cmake', 'python']
[1.907s] Level 1:colcon.colcon_core.package_identification:_identify(.) by extension 'cmake'
[1.907s] Level 1:colcon.colcon_core.package_identification:_identify(.) by extension 'python'
[1.908s] Level 1:colcon.colcon_core.package_identification:_identify(.) by extensions ['python_setup_py']
[1.908s] Level 1:colcon.colcon_core.package_identification:_identify(.) by extension 'python_setup_py'
[1.908s] Level 1:colcon.colcon_core.package_identification:_identify(build) by extensions ['ignore', 'ignore_ament_install']
[1.909s] Level 1:colcon.colcon_core.package_identification:_identify(build) by extension 'ignore'
[1.909s] Level 1:colcon.colcon_core.package_identification:_identify(build) ignored
[1.909s] Level 1:colcon.colcon_core.package_identification:_identify(install) by extensions ['ignore', 'ignore_ament_install']
[1.910s] Level 1:colcon.colcon_core.package_identification:_identify(install) by extension 'ignore'
[1.910s] Level 1:colcon.colcon_core.package_identification:_identify(install) ignored
[1.911s] Level 1:colcon.colcon_core.package_identification:_identify(log) by extensions ['ignore', 'ignore_ament_install']
[1.911s] Level 1:colcon.colcon_core.package_identification:_identify(log) by extension 'ignore'
[1.911s] Level 1:colcon.colcon_core.package_identification:_identify(log) ignored
[1.911s] Level 1:colcon.colcon_core.package_identification:_identify(src) by extensions ['ignore', 'ignore_ament_install']
[1.912s] Level 1:colcon.colcon_core.package_identification:_identify(src) by extension 'ignore'
[1.912s] Level 1:colcon.colcon_core.package_identification:_identify(src) by extension 'ignore_ament_install'
[1.912s] Level 1:colcon.colcon_core.package_identification:_identify(src) by extensions ['colcon_pkg']
[1.912s] Level 1:colcon.colcon_core.package_identification:_identify(src) by extension 'colcon_pkg'
[1.913s] Level 1:colcon.colcon_core.package_identification:_identify(src) by extensions ['colcon_meta']
[1.913s] Level 1:colcon.colcon_core.package_identification:_identify(src) by extension 'colcon_meta'
[1.913s] Level 1:colcon.colcon_core.package_identification:_identify(src) by extensions ['ros']
[1.913s] Level 1:colcon.colcon_core.package_identification:_identify(src) by extension 'ros'
[1.914s] Level 1:colcon.colcon_core.package_identification:_identify(src) by extensions ['cmake', 'python']
[1.914s] Level 1:colcon.colcon_core.package_identification:_identify(src) by extension 'cmake'
[1.914s] Level 1:colcon.colcon_core.package_identification:_identify(src) by extension 'python'
[1.914s] Level 1:colcon.colcon_core.package_identification:_identify(src) by extensions ['python_setup_py']
[1.914s] Level 1:colcon.colcon_core.package_identification:_identify(src) by extension 'python_setup_py'
[1.915s] Level 1:colcon.colcon_core.package_identification:_identify(src/py_pubsub) by extensions ['ignore', 'ignore_ament_install']
[1.915s] Level 1:colcon.colcon_core.package_identification:_identify(src/py_pubsub) by extension 'ignore'
[1.915s] Level 1:colcon.colcon_core.package_identification:_identify(src/py_pubsub) by extension 'ignore_ament_install'
[1.916s] Level 1:colcon.colcon_core.package_identification:_identify(src/py_pubsub) by extensions ['colcon_pkg']
[1.916s] Level 1:colcon.colcon_core.package_identification:_identify(src/py_pubsub) by extension 'colcon_pkg'
[1.916s] Level 1:colcon.colcon_core.package_identification:_identify(src/py_pubsub) by extensions ['colcon_meta']
[1.916s] Level 1:colcon.colcon_core.package_identification:_identify(src/py_pubsub) by extension 'colcon_meta'
[1.916s] Level 1:colcon.colcon_core.package_identification:_identify(src/py_pubsub) by extensions ['ros']
[1.916s] Level 1:colcon.colcon_core.package_identification:_identify(src/py_pubsub) by extension 'ros'
[1.930s] DEBUG:colcon.colcon_core.package_identification:Package 'src/py_pubsub' with type 'ros.ament_python' and name 'py_pubsub'
[1.931s] Level 1:colcon.colcon_core.package_discovery:discover_packages(recursive) using defaults
[1.931s] Level 1:colcon.colcon_core.package_discovery:discover_packages(ignore) discover
[1.931s] Level 1:colcon.colcon_core.package_discovery:discover_packages(ignore) using defaults
[1.931s] Level 1:colcon.colcon_core.package_discovery:discover_packages(path) discover
[1.931s] Level 1:colcon.colcon_core.package_discovery:discover_packages(path) using defaults
[2.048s] Level 1:colcon.colcon_core.package_discovery:discover_packages(prefix_path) check parameters
[2.048s] Level 1:colcon.colcon_core.package_discovery:discover_packages(prefix_path) discover
[2.058s] Level 1:colcon.colcon_core.package_discovery:discover_packages(prefix_path) using defaults
[2.070s] Level 5:colcon.colcon_core.verb:set package 'py_pubsub' build argument 'cmake_args' from command line to 'None'
[2.070s] Level 5:colcon.colcon_core.verb:set package 'py_pubsub' build argument 'cmake_target' from command line to 'None'
[2.070s] Level 5:colcon.colcon_core.verb:set package 'py_pubsub' build argument 'cmake_target_skip_unavailable' from command line to 'False'
[2.071s] Level 5:colcon.colcon_core.verb:set package 'py_pubsub' build argument 'cmake_clean_cache' from command line to 'False'
[2.071s] Level 5:colcon.colcon_core.verb:set package 'py_pubsub' build argument 'cmake_clean_first' from command line to 'False'
[2.071s] Level 5:colcon.colcon_core.verb:set package 'py_pubsub' build argument 'cmake_force_configure' from command line to 'False'
[2.071s] Level 5:colcon.colcon_core.verb:set package 'py_pubsub' build argument 'ament_cmake_args' from command line to 'None'
[2.071s] Level 5:colcon.colcon_core.verb:set package 'py_pubsub' build argument 'catkin_cmake_args' from command line to 'None'
[2.071s] Level 5:colcon.colcon_core.verb:set package 'py_pubsub' build argument 'catkin_skip_building_tests' from command line to 'False'
[2.072s] DEBUG:colcon.colcon_core.verb:Building package 'py_pubsub' with the following arguments: {'ament_cmake_args': None, 'build_base': '/home/joe/robot_ws/build/py_pubsub', 'catkin_cmake_args': None, 'catkin_skip_building_tests': False, 'cmake_args': None, 'cmake_clean_cache': False, 'cmake_clean_first': False, 'cmake_force_configure': False, 'cmake_target': None, 'cmake_target_skip_unavailable': False, 'install_base': '/home/joe/robot_ws/install/py_pubsub', 'merge_install': False, 'path': '/home/joe/robot_ws/src/py_pubsub', 'symlink_install': False, 'test_result_base': None}
[2.075s] INFO:colcon.colcon_core.executor:Executing jobs using 'parallel' executor
[2.092s] DEBUG:colcon.colcon_parallel_executor.executor.parallel:run_until_complete
[2.094s] INFO:colcon.colcon_ros.task.ament_python.build:Building ROS package in '/home/joe/robot_ws/src/py_pubsub' with build type 'ament_python'
[2.094s] Level 1:colcon.colcon_core.shell:create_environment_hook('py_pubsub', 'ament_prefix_path')
[2.144s] INFO:colcon.colcon_core.plugin_system:Skipping extension 'colcon_core.shell.bat': Not used on non-Windows systems
[2.145s] INFO:colcon.colcon_core.shell:Creating environment hook '/home/joe/robot_ws/install/py_pubsub/share/py_pubsub/hook/ament_prefix_path.ps1'
[2.151s] INFO:colcon.colcon_core.shell:Creating environment descriptor '/home/joe/robot_ws/install/py_pubsub/share/py_pubsub/hook/ament_prefix_path.dsv'
[2.155s] INFO:colcon.colcon_core.shell:Creating environment hook '/home/joe/robot_ws/install/py_pubsub/share/py_pubsub/hook/ament_prefix_path.sh'
[2.167s] INFO:colcon.colcon_core.shell:Skip shell extension 'powershell' for command environment: Not usable outside of PowerShell
[2.167s] DEBUG:colcon.colcon_core.shell:Skip shell extension 'dsv' for command environment
[3.179s] INFO:colcon.colcon_core.task.python.build:Building Python package in '/home/joe/robot_ws/src/py_pubsub'
[3.187s] INFO:colcon.colcon_core.shell:Skip shell extension 'powershell' for command environment: Not usable outside of PowerShell
[3.187s] DEBUG:colcon.colcon_core.shell:Skip shell extension 'dsv' for command environment
[5.187s] DEBUG:colcon.colcon_core.event_handler.log_command:Invoking command in '/home/joe/robot_ws/src/py_pubsub': PYTHONPATH=/home/joe/robot_ws/build/py_pubsub/prefix_override:/home/joe/robot_ws/install/py_pubsub/lib/python3.8/site-packages: /usr/bin/python3 setup.py egg_info --egg-base ../../build/py_pubsub build --build-base /home/joe/robot_ws/build/py_pubsub/build install --record /home/joe/robot_ws/build/py_pubsub/install.log --install-scripts $base/lib/py_pubsub --single-version-externally-managed
[6.522s] DEBUG:colcon.colcon_core.event_handler.log_command:Invoked command in '/home/joe/robot_ws/src/py_pubsub' returned '0': PYTHONPATH=/home/joe/robot_ws/build/py_pubsub/prefix_override:/home/joe/robot_ws/install/py_pubsub/lib/python3.8/site-packages: /usr/bin/python3 setup.py egg_info --egg-base ../../build/py_pubsub build --build-base /home/joe/robot_ws/build/py_pubsub/build install --record /home/joe/robot_ws/build/py_pubsub/install.log --install-scripts $base/lib/py_pubsub --single-version-externally-managed
[6.565s] Level 1:colcon.colcon_core.environment:checking '/home/joe/robot_ws/install/py_pubsub' for CMake module files
[6.568s] Level 1:colcon.colcon_core.environment:checking '/home/joe/robot_ws/install/py_pubsub' for CMake config files
[6.571s] Level 1:colcon.colcon_core.environment:checking '/home/joe/robot_ws/install/py_pubsub/lib'
[6.572s] Level 1:colcon.colcon_core.environment:checking '/home/joe/robot_ws/install/py_pubsub/bin'
[6.573s] Level 1:colcon.colcon_core.environment:checking '/home/joe/robot_ws/install/py_pubsub/lib/pkgconfig/py_pubsub.pc'
[6.574s] Level 1:colcon.colcon_core.environment:checking '/home/joe/robot_ws/install/py_pubsub/lib/python3.8/site-packages'
[6.575s] Level 1:colcon.colcon_core.shell:create_environment_hook('py_pubsub', 'pythonpath')
[6.586s] INFO:colcon.colcon_core.shell:Creating environment hook '/home/joe/robot_ws/install/py_pubsub/share/py_pubsub/hook/pythonpath.ps1'
[6.588s] INFO:colcon.colcon_core.shell:Creating environment descriptor '/home/joe/robot_ws/install/py_pubsub/share/py_pubsub/hook/pythonpath.dsv'
[6.590s] INFO:colcon.colcon_core.shell:Creating environment hook '/home/joe/robot_ws/install/py_pubsub/share/py_pubsub/hook/pythonpath.sh'
[6.592s] Level 1:colcon.colcon_core.environment:checking '/home/joe/robot_ws/install/py_pubsub/bin'
[6.593s] Level 1:colcon.colcon_core.environment:create_environment_scripts_only(py_pubsub)
[6.600s] INFO:colcon.colcon_core.shell:Creating package script '/home/joe/robot_ws/install/py_pubsub/share/py_pubsub/package.ps1'
[6.607s] INFO:colcon.colcon_core.shell:Creating package descriptor '/home/joe/robot_ws/install/py_pubsub/share/py_pubsub/package.dsv'
[6.611s] INFO:colcon.colcon_core.shell:Creating package script '/home/joe/robot_ws/install/py_pubsub/share/py_pubsub/package.sh'
[6.614s] INFO:colcon.colcon_core.shell:Creating package script '/home/joe/robot_ws/install/py_pubsub/share/py_pubsub/package.bash'
[6.619s] INFO:colcon.colcon_core.shell:Creating package script '/home/joe/robot_ws/install/py_pubsub/share/py_pubsub/package.zsh'
[6.623s] Level 1:colcon.colcon_core.environment:create_file_with_runtime_dependencies(/home/joe/robot_ws/install/py_pubsub/share/colcon-core/packages/py_pubsub)
[6.625s] DEBUG:colcon.colcon_parallel_executor.executor.parallel:closing loop
[6.626s] DEBUG:colcon.colcon_parallel_executor.executor.parallel:loop closed
[6.626s] DEBUG:colcon.colcon_parallel_executor.executor.parallel:run_until_complete finished with '0'
[6.626s] DEBUG:colcon.colcon_core.event_reactor:joining thread
[6.671s] INFO:colcon.colcon_core.plugin_system:Skipping extension 'colcon_notification.desktop_notification.terminal_notifier': Not used on non-Darwin systems
[6.672s] INFO:colcon.colcon_core.plugin_system:Skipping extension 'colcon_notification.desktop_notification.win32': Not used on non-Windows systems
[6.672s] INFO:colcon.colcon_notification.desktop_notification:Sending desktop notification using 'notify2'
[7.430s] DEBUG:colcon.colcon_core.event_reactor:joined thread
[7.439s] INFO:colcon.colcon_core.shell:Creating prefix script '/home/joe/robot_ws/install/local_setup.ps1'
[7.448s] INFO:colcon.colcon_core.shell:Creating prefix util module '/home/joe/robot_ws/install/_local_setup_util_ps1.py'
[7.456s] INFO:colcon.colcon_core.shell:Creating prefix chain script '/home/joe/robot_ws/install/setup.ps1'
[7.462s] INFO:colcon.colcon_core.shell:Creating prefix script '/home/joe/robot_ws/install/local_setup.sh'
[7.465s] INFO:colcon.colcon_core.shell:Creating prefix util module '/home/joe/robot_ws/install/_local_setup_util_sh.py'
[7.467s] INFO:colcon.colcon_core.shell:Creating prefix chain script '/home/joe/robot_ws/install/setup.sh'
[7.477s] INFO:colcon.colcon_core.shell:Creating prefix script '/home/joe/robot_ws/install/local_setup.bash'
[7.480s] INFO:colcon.colcon_core.shell:Creating prefix chain script '/home/joe/robot_ws/install/setup.bash'
[7.485s] INFO:colcon.colcon_core.shell:Creating prefix script '/home/joe/robot_ws/install/local_setup.zsh'
[7.488s] INFO:colcon.colcon_core.shell:Creating prefix chain script '/home/joe/robot_ws/install/setup.zsh'
