[3.034s] Invoking command in '/home/joe/robot_ws/src/py_pubsub': PYTHONPATH=/home/joe/robot_ws/build/py_pubsub/prefix_override:/home/joe/robot_ws/install/py_pubsub/lib/python3.8/site-packages: /usr/bin/python3 setup.py egg_info --egg-base ../../build/py_pubsub build --build-base /home/joe/robot_ws/build/py_pubsub/build install --record /home/joe/robot_ws/build/py_pubsub/install.log --install-scripts $base/lib/py_pubsub --single-version-externally-managed
[3.929s] running egg_info
[3.933s] writing ../../build/py_pubsub/py_pubsub.egg-info/PKG-INFO
[3.934s] writing dependency_links to ../../build/py_pubsub/py_pubsub.egg-info/dependency_links.txt
[3.935s] writing entry points to ../../build/py_pubsub/py_pubsub.egg-info/entry_points.txt
[3.936s] writing requirements to ../../build/py_pubsub/py_pubsub.egg-info/requires.txt
[3.936s] writing top-level names to ../../build/py_pubsub/py_pubsub.egg-info/top_level.txt
[4.113s] reading manifest file '../../build/py_pubsub/py_pubsub.egg-info/SOURCES.txt'
[4.121s] writing manifest file '../../build/py_pubsub/py_pubsub.egg-info/SOURCES.txt'
[4.121s] running build
[4.121s] running build_py
[4.122s] running install
[4.125s] running install_lib
[4.131s] running install_data
[4.134s] copying package.xml -> /home/joe/robot_ws/install/py_pubsub/share/py_pubsub
[4.136s] running install_egg_info
[4.143s] removing '/home/joe/robot_ws/install/py_pubsub/lib/python3.8/site-packages/py_pubsub-0.0.0-py3.8.egg-info' (and everything under it)
[4.144s] Copying ../../build/py_pubsub/py_pubsub.egg-info to /home/joe/robot_ws/install/py_pubsub/lib/python3.8/site-packages/py_pubsub-0.0.0-py3.8.egg-info
[4.153s] running install_scripts
[4.220s] Installing controller script to /home/joe/robot_ws/install/py_pubsub/lib/py_pubsub
[4.221s] Installing robot script to /home/joe/robot_ws/install/py_pubsub/lib/py_pubsub
[4.222s] writing list of installed files to '/home/joe/robot_ws/build/py_pubsub/install.log'
[4.326s] Invoked command in '/home/joe/robot_ws/src/py_pubsub' returned '0': PYTHONPATH=/home/joe/robot_ws/build/py_pubsub/prefix_override:/home/joe/robot_ws/install/py_pubsub/lib/python3.8/site-packages: /usr/bin/python3 setup.py egg_info --egg-base ../../build/py_pubsub build --build-base /home/joe/robot_ws/build/py_pubsub/build install --record /home/joe/robot_ws/build/py_pubsub/install.log --install-scripts $base/lib/py_pubsub --single-version-externally-managed
