[3.092s] Invoking command in '/home/joe/robot_ws/src/py_pubsub': PYTHONPATH=/home/joe/robot_ws/build/py_pubsub/prefix_override:/home/joe/robot_ws/install/py_pubsub/lib/python3.8/site-packages: /usr/bin/python3 setup.py egg_info --egg-base ../../build/py_pubsub build --build-base /home/joe/robot_ws/build/py_pubsub/build install --record /home/joe/robot_ws/build/py_pubsub/install.log --install-scripts $base/lib/py_pubsub --single-version-externally-managed
[4.017s] running egg_info
[4.019s] writing ../../build/py_pubsub/py_pubsub.egg-info/PKG-INFO
[4.020s] writing dependency_links to ../../build/py_pubsub/py_pubsub.egg-info/dependency_links.txt
[4.021s] writing entry points to ../../build/py_pubsub/py_pubsub.egg-info/entry_points.txt
[4.022s] writing requirements to ../../build/py_pubsub/py_pubsub.egg-info/requires.txt
[4.022s] writing top-level names to ../../build/py_pubsub/py_pubsub.egg-info/top_level.txt
[4.202s] reading manifest file '../../build/py_pubsub/py_pubsub.egg-info/SOURCES.txt'
[4.209s] writing manifest file '../../build/py_pubsub/py_pubsub.egg-info/SOURCES.txt'
[4.210s] running build
[4.210s] running build_py
[4.211s] copying py_pubsub/controller.py -> /home/joe/robot_ws/build/py_pubsub/build/lib/py_pubsub
[4.211s] running install
[4.214s] running install_lib
[4.218s] copying /home/joe/robot_ws/build/py_pubsub/build/lib/py_pubsub/controller.py -> /home/joe/robot_ws/install/py_pubsub/lib/python3.8/site-packages/py_pubsub
[4.220s] byte-compiling /home/joe/robot_ws/install/py_pubsub/lib/python3.8/site-packages/py_pubsub/controller.py to controller.cpython-38.pyc
[4.227s] running install_data
[4.229s] running install_egg_info
[4.235s] removing '/home/joe/robot_ws/install/py_pubsub/lib/python3.8/site-packages/py_pubsub-0.0.0-py3.8.egg-info' (and everything under it)
[4.236s] Copying ../../build/py_pubsub/py_pubsub.egg-info to /home/joe/robot_ws/install/py_pubsub/lib/python3.8/site-packages/py_pubsub-0.0.0-py3.8.egg-info
[4.243s] running install_scripts
[4.317s] Installing controller script to /home/joe/robot_ws/install/py_pubsub/lib/py_pubsub
[4.318s] Installing robot script to /home/joe/robot_ws/install/py_pubsub/lib/py_pubsub
[4.319s] writing list of installed files to '/home/joe/robot_ws/build/py_pubsub/install.log'
[4.427s] Invoked command in '/home/joe/robot_ws/src/py_pubsub' returned '0': PYTHONPATH=/home/joe/robot_ws/build/py_pubsub/prefix_override:/home/joe/robot_ws/install/py_pubsub/lib/python3.8/site-packages: /usr/bin/python3 setup.py egg_info --egg-base ../../build/py_pubsub build --build-base /home/joe/robot_ws/build/py_pubsub/build install --record /home/joe/robot_ws/build/py_pubsub/install.log --install-scripts $base/lib/py_pubsub --single-version-externally-managed
