[1.520s] DEBUG:colcon:Command line arguments: ['/usr/bin/colcon', 'build']
[1.521s] DEBUG:colcon:Parsed command line arguments: Namespace(allow_overriding=[], ament_cmake_args=None, base_paths=['.'], build_base='build', catkin_cmake_args=None, catkin_skip_building_tests=False, cmake_args=None, cmake_clean_cache=False, cmake_clean_first=False, cmake_force_configure=False, cmake_target=None, cmake_target_skip_unavailable=False, continue_on_error=False, event_handlers=None, executor='parallel', ignore_user_meta=False, install_base='install', log_base=None, log_level=None, main=<bound method BuildVerb.main of <colcon_core.verb.build.BuildVerb object at 0x7f9d241dc0>>, merge_install=False, metas=['./colcon.meta'], packages_above=None, packages_above_and_dependencies=None, packages_above_depth=None, packages_end=None, packages_ignore=None, packages_ignore_regex=None, packages_select=None, packages_select_build_failed=False, packages_select_by_dep=None, packages_select_regex=None, packages_select_test_failures=False, packages_skip=None, packages_skip_build_finished=False, packages_skip_by_dep=None, packages_skip_regex=None, packages_skip_test_passed=False, packages_skip_up_to=None, packages_start=None, packages_up_to=None, packages_up_to_regex=None, parallel_workers=4, paths=None, symlink_install=False, test_result_base=None, verb_extension=<colcon_core.verb.build.BuildVerb object at 0x7f9d241dc0>, verb_name='build', verb_parser=<colcon_defaults.argument_parser.defaults.DefaultArgumentsDecorator object at 0x7f9d24a370>)
[1.716s] Level 1:colcon.colcon_core.package_discovery:discover_packages(colcon_meta) check parameters
[1.717s] Level 1:colcon.colcon_core.package_discovery:discover_packages(recursive) check parameters
[1.717s] Level 1:colcon.colcon_core.package_discovery:discover_packages(ignore) check parameters
[1.717s] Level 1:colcon.colcon_core.package_discovery:discover_packages(path) check parameters
[1.717s] Level 1:colcon.colcon_core.package_discovery:discover_packages(colcon_meta) discover
[1.718s] Level 1:colcon.colcon_core.package_discovery:discover_packages(recursive) discover
[1.718s] INFO:colcon.colcon_core.package_discovery:Crawling recursively for packages in '/home/joe/robot_ws'
[1.718s] Level 1:colcon.colcon_core.package_identification:_identify(.) by extensions ['ignore', 'ignore_ament_install']
[1.719s] Level 1:colcon.colcon_core.package_identification:_identify(.) by extension 'ignore'
[1.719s] Level 1:colcon.colcon_core.package_identification:_identify(.) by extension 'ignore_ament_install'
[1.719s] Level 1:colcon.colcon_core.package_identification:_identify(.) by extensions ['colcon_pkg']
[1.719s] Level 1:colcon.colcon_core.package_identification:_identify(.) by extension 'colcon_pkg'
[1.720s] Level 1:colcon.colcon_core.package_identification:_identify(.) by extensions ['colcon_meta']
[1.720s] Level 1:colcon.colcon_core.package_identification:_identify(.) by extension 'colcon_meta'
[1.720s] Level 1:colcon.colcon_core.package_identification:_identify(.) by extensions ['ros']
[1.720s] Level 1:colcon.colcon_core.package_identification:_identify(.) by extension 'ros'
[1.810s] Level 1:colcon.colcon_core.package_identification:_identify(.) by extensions ['cmake', 'python']
[1.810s] Level 1:colcon.colcon_core.package_identification:_identify(.) by extension 'cmake'
[1.811s] Level 1:colcon.colcon_core.package_identification:_identify(.) by extension 'python'
[1.811s] Level 1:colcon.colcon_core.package_identification:_identify(.) by extensions ['python_setup_py']
[1.811s] Level 1:colcon.colcon_core.package_identification:_identify(.) by extension 'python_setup_py'
[1.812s] Level 1:colcon.colcon_core.package_identification:_identify(build) by extensions ['ignore', 'ignore_ament_install']
[1.812s] Level 1:colcon.colcon_core.package_identification:_identify(build) by extension 'ignore'
[1.812s] Level 1:colcon.colcon_core.package_identification:_identify(build) ignored
[1.813s] Level 1:colcon.colcon_core.package_identification:_identify(install) by extensions ['ignore', 'ignore_ament_install']
[1.813s] Level 1:colcon.colcon_core.package_identification:_identify(install) by extension 'ignore'
[1.813s] Level 1:colcon.colcon_core.package_identification:_identify(install) ignored
[1.813s] Level 1:colcon.colcon_core.package_identification:_identify(log) by extensions ['ignore', 'ignore_ament_install']
[1.814s] Level 1:colcon.colcon_core.package_identification:_identify(log) by extension 'ignore'
[1.814s] Level 1:colcon.colcon_core.package_identification:_identify(log) ignored
[1.814s] Level 1:colcon.colcon_core.package_identification:_identify(src) by extensions ['ignore', 'ignore_ament_install']
[1.815s] Level 1:colcon.colcon_core.package_identification:_identify(src) by extension 'ignore'
[1.815s] Level 1:colcon.colcon_core.package_identification:_identify(src) by extension 'ignore_ament_install'
[1.815s] Level 1:colcon.colcon_core.package_identification:_identify(src) by extensions ['colcon_pkg']
[1.815s] Level 1:colcon.colcon_core.package_identification:_identify(src) by extension 'colcon_pkg'
[1.815s] Level 1:colcon.colcon_core.package_identification:_identify(src) by extensions ['colcon_meta']
[1.816s] Level 1:colcon.colcon_core.package_identification:_identify(src) by extension 'colcon_meta'
[1.816s] Level 1:colcon.colcon_core.package_identification:_identify(src) by extensions ['ros']
[1.816s] Level 1:colcon.colcon_core.package_identification:_identify(src) by extension 'ros'
[1.816s] Level 1:colcon.colcon_core.package_identification:_identify(src) by extensions ['cmake', 'python']
[1.816s] Level 1:colcon.colcon_core.package_identification:_identify(src) by extension 'cmake'
[1.817s] Level 1:colcon.colcon_core.package_identification:_identify(src) by extension 'python'
[1.817s] Level 1:colcon.colcon_core.package_identification:_identify(src) by extensions ['python_setup_py']
[1.817s] Level 1:colcon.colcon_core.package_identification:_identify(src) by extension 'python_setup_py'
[1.817s] Level 1:colcon.colcon_core.package_identification:_identify(src/py_pubsub) by extensions ['ignore', 'ignore_ament_install']
[1.818s] Level 1:colcon.colcon_core.package_identification:_identify(src/py_pubsub) by extension 'ignore'
[1.818s] Level 1:colcon.colcon_core.package_identification:_identify(src/py_pubsub) by extension 'ignore_ament_install'
[1.818s] Level 1:colcon.colcon_core.package_identification:_identify(src/py_pubsub) by extensions ['colcon_pkg']
[1.818s] Level 1:colcon.colcon_core.package_identification:_identify(src/py_pubsub) by extension 'colcon_pkg'
[1.818s] Level 1:colcon.colcon_core.package_identification:_identify(src/py_pubsub) by extensions ['colcon_meta']
[1.818s] Level 1:colcon.colcon_core.package_identification:_identify(src/py_pubsub) by extension 'colcon_meta'
[1.819s] Level 1:colcon.colcon_core.package_identification:_identify(src/py_pubsub) by extensions ['ros']
[1.819s] Level 1:colcon.colcon_core.package_identification:_identify(src/py_pubsub) by extension 'ros'
[1.834s] DEBUG:colcon.colcon_core.package_identification:Package 'src/py_pubsub' with type 'ros.ament_python' and name 'py_pubsub'
[1.835s] Level 1:colcon.colcon_core.package_identification:_identify(src/temp_package) by extensions ['ignore', 'ignore_ament_install']
[1.835s] Level 1:colcon.colcon_core.package_identification:_identify(src/temp_package) by extension 'ignore'
[1.836s] Level 1:colcon.colcon_core.package_identification:_identify(src/temp_package) by extension 'ignore_ament_install'
[1.836s] Level 1:colcon.colcon_core.package_identification:_identify(src/temp_package) by extensions ['colcon_pkg']
[1.836s] Level 1:colcon.colcon_core.package_identification:_identify(src/temp_package) by extension 'colcon_pkg'
[1.836s] Level 1:colcon.colcon_core.package_identification:_identify(src/temp_package) by extensions ['colcon_meta']
[1.836s] Level 1:colcon.colcon_core.package_identification:_identify(src/temp_package) by extension 'colcon_meta'
[1.837s] Level 1:colcon.colcon_core.package_identification:_identify(src/temp_package) by extensions ['ros']
[1.837s] Level 1:colcon.colcon_core.package_identification:_identify(src/temp_package) by extension 'ros'
[1.839s] DEBUG:colcon.colcon_core.package_identification:Package 'src/temp_package' with type 'ros.ament_cmake' and name 'temp_package'
[1.839s] Level 1:colcon.colcon_core.package_discovery:discover_packages(recursive) using defaults
[1.839s] Level 1:colcon.colcon_core.package_discovery:discover_packages(ignore) discover
[1.840s] Level 1:colcon.colcon_core.package_discovery:discover_packages(ignore) using defaults
[1.840s] Level 1:colcon.colcon_core.package_discovery:discover_packages(path) discover
[1.840s] Level 1:colcon.colcon_core.package_discovery:discover_packages(path) using defaults
[1.955s] Level 1:colcon.colcon_core.package_discovery:discover_packages(prefix_path) check parameters
[1.955s] Level 1:colcon.colcon_core.package_discovery:discover_packages(prefix_path) discover
[1.965s] Level 1:colcon.colcon_core.package_discovery:discover_packages(prefix_path) using defaults
[1.975s] Level 5:colcon.colcon_core.verb:set package 'py_pubsub' build argument 'cmake_args' from command line to 'None'
[1.976s] Level 5:colcon.colcon_core.verb:set package 'py_pubsub' build argument 'cmake_target' from command line to 'None'
[1.976s] Level 5:colcon.colcon_core.verb:set package 'py_pubsub' build argument 'cmake_target_skip_unavailable' from command line to 'False'
[1.976s] Level 5:colcon.colcon_core.verb:set package 'py_pubsub' build argument 'cmake_clean_cache' from command line to 'False'
[1.976s] Level 5:colcon.colcon_core.verb:set package 'py_pubsub' build argument 'cmake_clean_first' from command line to 'False'
[1.976s] Level 5:colcon.colcon_core.verb:set package 'py_pubsub' build argument 'cmake_force_configure' from command line to 'False'
[1.976s] Level 5:colcon.colcon_core.verb:set package 'py_pubsub' build argument 'ament_cmake_args' from command line to 'None'
[1.976s] Level 5:colcon.colcon_core.verb:set package 'py_pubsub' build argument 'catkin_cmake_args' from command line to 'None'
[1.977s] Level 5:colcon.colcon_core.verb:set package 'py_pubsub' build argument 'catkin_skip_building_tests' from command line to 'False'
[1.977s] DEBUG:colcon.colcon_core.verb:Building package 'py_pubsub' with the following arguments: {'ament_cmake_args': None, 'build_base': '/home/joe/robot_ws/build/py_pubsub', 'catkin_cmake_args': None, 'catkin_skip_building_tests': False, 'cmake_args': None, 'cmake_clean_cache': False, 'cmake_clean_first': False, 'cmake_force_configure': False, 'cmake_target': None, 'cmake_target_skip_unavailable': False, 'install_base': '/home/joe/robot_ws/install/py_pubsub', 'merge_install': False, 'path': '/home/joe/robot_ws/src/py_pubsub', 'symlink_install': False, 'test_result_base': None}
[1.981s] Level 5:colcon.colcon_core.verb:set package 'temp_package' build argument 'cmake_args' from command line to 'None'
[1.981s] Level 5:colcon.colcon_core.verb:set package 'temp_package' build argument 'cmake_target' from command line to 'None'
[1.982s] Level 5:colcon.colcon_core.verb:set package 'temp_package' build argument 'cmake_target_skip_unavailable' from command line to 'False'
[1.982s] Level 5:colcon.colcon_core.verb:set package 'temp_package' build argument 'cmake_clean_cache' from command line to 'False'
[1.982s] Level 5:colcon.colcon_core.verb:set package 'temp_package' build argument 'cmake_clean_first' from command line to 'False'
[1.982s] Level 5:colcon.colcon_core.verb:set package 'temp_package' build argument 'cmake_force_configure' from command line to 'False'
[1.982s] Level 5:colcon.colcon_core.verb:set package 'temp_package' build argument 'ament_cmake_args' from command line to 'None'
[1.982s] Level 5:colcon.colcon_core.verb:set package 'temp_package' build argument 'catkin_cmake_args' from command line to 'None'
[1.982s] Level 5:colcon.colcon_core.verb:set package 'temp_package' build argument 'catkin_skip_building_tests' from command line to 'False'
[1.982s] DEBUG:colcon.colcon_core.verb:Building package 'temp_package' with the following arguments: {'ament_cmake_args': None, 'build_base': '/home/joe/robot_ws/build/temp_package', 'catkin_cmake_args': None, 'catkin_skip_building_tests': False, 'cmake_args': None, 'cmake_clean_cache': False, 'cmake_clean_first': False, 'cmake_force_configure': False, 'cmake_target': None, 'cmake_target_skip_unavailable': False, 'install_base': '/home/joe/robot_ws/install/temp_package', 'merge_install': False, 'path': '/home/joe/robot_ws/src/temp_package', 'symlink_install': False, 'test_result_base': None}
[1.985s] INFO:colcon.colcon_core.executor:Executing jobs using 'parallel' executor
[2.005s] DEBUG:colcon.colcon_parallel_executor.executor.parallel:run_until_complete
[2.006s] INFO:colcon.colcon_ros.task.ament_python.build:Building ROS package in '/home/joe/robot_ws/src/py_pubsub' with build type 'ament_python'
[2.006s] Level 1:colcon.colcon_core.shell:create_environment_hook('py_pubsub', 'ament_prefix_path')
[2.042s] INFO:colcon.colcon_core.plugin_system:Skipping extension 'colcon_core.shell.bat': Not used on non-Windows systems
[2.043s] INFO:colcon.colcon_core.shell:Creating environment hook '/home/joe/robot_ws/install/py_pubsub/share/py_pubsub/hook/ament_prefix_path.ps1'
[2.048s] INFO:colcon.colcon_core.shell:Creating environment descriptor '/home/joe/robot_ws/install/py_pubsub/share/py_pubsub/hook/ament_prefix_path.dsv'
[2.050s] INFO:colcon.colcon_core.shell:Creating environment hook '/home/joe/robot_ws/install/py_pubsub/share/py_pubsub/hook/ament_prefix_path.sh'
[2.059s] INFO:colcon.colcon_core.shell:Skip shell extension 'powershell' for command environment: Not usable outside of PowerShell
[2.060s] DEBUG:colcon.colcon_core.shell:Skip shell extension 'dsv' for command environment
[2.074s] INFO:colcon.colcon_ros.task.ament_cmake.build:Building ROS package in '/home/joe/robot_ws/src/temp_package' with build type 'ament_cmake'
[2.075s] INFO:colcon.colcon_cmake.task.cmake.build:Building CMake package in '/home/joe/robot_ws/src/temp_package'
[2.083s] INFO:colcon.colcon_core.shell:Skip shell extension 'powershell' for command environment: Not usable outside of PowerShell
[2.084s] DEBUG:colcon.colcon_core.shell:Skip shell extension 'dsv' for command environment
[2.959s] INFO:colcon.colcon_core.task.python.build:Building Python package in '/home/joe/robot_ws/src/py_pubsub'
[2.966s] INFO:colcon.colcon_core.shell:Skip shell extension 'powershell' for command environment: Not usable outside of PowerShell
[2.967s] DEBUG:colcon.colcon_core.shell:Skip shell extension 'dsv' for command environment
[2.989s] DEBUG:colcon.colcon_core.event_handler.log_command:Invoking command in '/home/joe/robot_ws/build/temp_package': /usr/bin/cmake /home/joe/robot_ws/src/temp_package -DCMAKE_INSTALL_PREFIX=/home/joe/robot_ws/install/temp_package
[4.974s] DEBUG:colcon.colcon_core.event_handler.log_command:Invoking command in '/home/joe/robot_ws/src/py_pubsub': PYTHONPATH=/home/joe/robot_ws/build/py_pubsub/prefix_override:/home/joe/robot_ws/install/py_pubsub/lib/python3.8/site-packages: /usr/bin/python3 setup.py egg_info --egg-base ../../build/py_pubsub build --build-base /home/joe/robot_ws/build/py_pubsub/build install --record /home/joe/robot_ws/build/py_pubsub/install.log --install-scripts $base/lib/py_pubsub --single-version-externally-managed
[5.697s] DEBUG:colcon.colcon_core.event_handler.log_command:Invoked command in '/home/joe/robot_ws/build/temp_package' returned '1': /usr/bin/cmake /home/joe/robot_ws/src/temp_package -DCMAKE_INSTALL_PREFIX=/home/joe/robot_ws/install/temp_package
[5.741s] Level 1:colcon.colcon_core.environment:create_environment_scripts_only(temp_package)
[5.784s] Level 1:colcon.colcon_core.environment:checking '/home/joe/robot_ws/install/temp_package' for CMake module files
[5.786s] Level 1:colcon.colcon_core.environment:checking '/home/joe/robot_ws/install/temp_package' for CMake config files
[5.787s] Level 1:colcon.colcon_core.environment:checking '/home/joe/robot_ws/install/temp_package/bin'
[5.787s] Level 1:colcon.colcon_core.environment:checking '/home/joe/robot_ws/install/temp_package/lib/pkgconfig/temp_package.pc'
[5.788s] Level 1:colcon.colcon_core.environment:checking '/home/joe/robot_ws/install/temp_package/lib/python3.8/site-packages'
[5.789s] Level 1:colcon.colcon_core.environment:checking '/home/joe/robot_ws/install/temp_package/bin'
[5.797s] INFO:colcon.colcon_core.shell:Creating package script '/home/joe/robot_ws/install/temp_package/share/temp_package/package.ps1'
[5.804s] INFO:colcon.colcon_core.shell:Creating package descriptor '/home/joe/robot_ws/install/temp_package/share/temp_package/package.dsv'
[5.807s] INFO:colcon.colcon_core.shell:Creating package script '/home/joe/robot_ws/install/temp_package/share/temp_package/package.sh'
[5.811s] INFO:colcon.colcon_core.shell:Creating package script '/home/joe/robot_ws/install/temp_package/share/temp_package/package.bash'
[5.815s] INFO:colcon.colcon_core.shell:Creating package script '/home/joe/robot_ws/install/temp_package/share/temp_package/package.zsh'
[5.819s] Level 1:colcon.colcon_core.environment:create_file_with_runtime_dependencies(/home/joe/robot_ws/install/temp_package/share/colcon-core/packages/temp_package)
[6.252s] DEBUG:colcon.colcon_parallel_executor.executor.parallel:closing loop
[6.252s] DEBUG:colcon.colcon_parallel_executor.executor.parallel:loop closed
[6.253s] DEBUG:colcon.colcon_parallel_executor.executor.parallel:run_until_complete finished with '1'
[6.253s] DEBUG:colcon.colcon_core.event_reactor:joining thread
[6.277s] INFO:colcon.colcon_core.plugin_system:Skipping extension 'colcon_notification.desktop_notification.terminal_notifier': Not used on non-Darwin systems
[6.278s] INFO:colcon.colcon_core.plugin_system:Skipping extension 'colcon_notification.desktop_notification.win32': Not used on non-Windows systems
[6.278s] INFO:colcon.colcon_notification.desktop_notification:Sending desktop notification using 'notify2'
[6.970s] DEBUG:colcon.colcon_core.event_reactor:joined thread
[6.979s] INFO:colcon.colcon_core.shell:Creating prefix script '/home/joe/robot_ws/install/local_setup.ps1'
[6.985s] INFO:colcon.colcon_core.shell:Creating prefix util module '/home/joe/robot_ws/install/_local_setup_util_ps1.py'
[6.992s] INFO:colcon.colcon_core.shell:Creating prefix chain script '/home/joe/robot_ws/install/setup.ps1'
[7.002s] INFO:colcon.colcon_core.shell:Creating prefix script '/home/joe/robot_ws/install/local_setup.sh'
[7.005s] INFO:colcon.colcon_core.shell:Creating prefix util module '/home/joe/robot_ws/install/_local_setup_util_sh.py'
[7.007s] INFO:colcon.colcon_core.shell:Creating prefix chain script '/home/joe/robot_ws/install/setup.sh'
[7.017s] INFO:colcon.colcon_core.shell:Creating prefix script '/home/joe/robot_ws/install/local_setup.bash'
[7.020s] INFO:colcon.colcon_core.shell:Creating prefix chain script '/home/joe/robot_ws/install/setup.bash'
[7.025s] INFO:colcon.colcon_core.shell:Creating prefix script '/home/joe/robot_ws/install/local_setup.zsh'
[7.029s] INFO:colcon.colcon_core.shell:Creating prefix chain script '/home/joe/robot_ws/install/setup.zsh'
