[3.270s] Invoking command in '/home/joe/robot_ws/src/py_pubsub': PYTHONPATH=/home/joe/robot_ws/build/py_pubsub/prefix_override:/home/joe/robot_ws/install/py_pubsub/lib/python3.8/site-packages: /usr/bin/python3 setup.py egg_info --egg-base ../../build/py_pubsub build --build-base /home/joe/robot_ws/build/py_pubsub/build install --record /home/joe/robot_ws/build/py_pubsub/install.log --install-scripts $base/lib/py_pubsub --single-version-externally-managed
[4.167s] running egg_info
[4.170s] writing ../../build/py_pubsub/py_pubsub.egg-info/PKG-INFO
[4.171s] writing dependency_links to ../../build/py_pubsub/py_pubsub.egg-info/dependency_links.txt
[4.172s] writing entry points to ../../build/py_pubsub/py_pubsub.egg-info/entry_points.txt
[4.173s] writing requirements to ../../build/py_pubsub/py_pubsub.egg-info/requires.txt
[4.174s] writing top-level names to ../../build/py_pubsub/py_pubsub.egg-info/top_level.txt
[4.349s] reading manifest file '../../build/py_pubsub/py_pubsub.egg-info/SOURCES.txt'
[4.355s] writing manifest file '../../build/py_pubsub/py_pubsub.egg-info/SOURCES.txt'
[4.356s] running build
[4.357s] running build_py
[4.357s] copying py_pubsub/controller.py -> /home/joe/robot_ws/build/py_pubsub/build/lib/py_pubsub
[4.358s] running install
[4.362s] running install_lib
[4.366s] copying /home/joe/robot_ws/build/py_pubsub/build/lib/py_pubsub/controller.py -> /home/joe/robot_ws/install/py_pubsub/lib/python3.8/site-packages/py_pubsub
[4.369s] byte-compiling /home/joe/robot_ws/install/py_pubsub/lib/python3.8/site-packages/py_pubsub/controller.py to controller.cpython-38.pyc
[4.377s] running install_data
[4.380s] running install_egg_info
[4.386s] removing '/home/joe/robot_ws/install/py_pubsub/lib/python3.8/site-packages/py_pubsub-0.0.0-py3.8.egg-info' (and everything under it)
[4.388s] Copying ../../build/py_pubsub/py_pubsub.egg-info to /home/joe/robot_ws/install/py_pubsub/lib/python3.8/site-packages/py_pubsub-0.0.0-py3.8.egg-info
[4.394s] running install_scripts
[4.463s] Installing controller script to /home/joe/robot_ws/install/py_pubsub/lib/py_pubsub
[4.468s] Installing robot script to /home/joe/robot_ws/install/py_pubsub/lib/py_pubsub
[4.469s] writing list of installed files to '/home/joe/robot_ws/build/py_pubsub/install.log'
[4.571s] Invoked command in '/home/joe/robot_ws/src/py_pubsub' returned '0': PYTHONPATH=/home/joe/robot_ws/build/py_pubsub/prefix_override:/home/joe/robot_ws/install/py_pubsub/lib/python3.8/site-packages: /usr/bin/python3 setup.py egg_info --egg-base ../../build/py_pubsub build --build-base /home/joe/robot_ws/build/py_pubsub/build install --record /home/joe/robot_ws/build/py_pubsub/install.log --install-scripts $base/lib/py_pubsub --single-version-externally-managed
