[3.031s] Invoking command in '/home/joe/robot_ws/src/py_pubsub': PYTHONPATH=/home/joe/robot_ws/build/py_pubsub/prefix_override:/home/joe/robot_ws/install/py_pubsub/lib/python3.8/site-packages: /usr/bin/python3 setup.py egg_info --egg-base ../../build/py_pubsub build --build-base /home/joe/robot_ws/build/py_pubsub/build install --record /home/joe/robot_ws/build/py_pubsub/install.log --install-scripts $base/lib/py_pubsub --single-version-externally-managed
[3.918s] running egg_info
[3.920s] writing ../../build/py_pubsub/py_pubsub.egg-info/PKG-INFO
[3.921s] writing dependency_links to ../../build/py_pubsub/py_pubsub.egg-info/dependency_links.txt
[3.922s] writing entry points to ../../build/py_pubsub/py_pubsub.egg-info/entry_points.txt
[3.923s] writing requirements to ../../build/py_pubsub/py_pubsub.egg-info/requires.txt
[3.923s] writing top-level names to ../../build/py_pubsub/py_pubsub.egg-info/top_level.txt
[4.121s] reading manifest file '../../build/py_pubsub/py_pubsub.egg-info/SOURCES.txt'
[4.138s] writing manifest file '../../build/py_pubsub/py_pubsub.egg-info/SOURCES.txt'
[4.139s] running build
[4.140s] running build_py
[4.140s] copying py_pubsub/controller.py -> /home/joe/robot_ws/build/py_pubsub/build/lib/py_pubsub
[4.141s] running install
[4.145s] running install_lib
[4.149s] copying /home/joe/robot_ws/build/py_pubsub/build/lib/py_pubsub/controller.py -> /home/joe/robot_ws/install/py_pubsub/lib/python3.8/site-packages/py_pubsub
[4.155s] byte-compiling /home/joe/robot_ws/install/py_pubsub/lib/python3.8/site-packages/py_pubsub/controller.py to controller.cpython-38.pyc
[4.164s] running install_data
[4.169s] running install_egg_info
[4.176s] removing '/home/joe/robot_ws/install/py_pubsub/lib/python3.8/site-packages/py_pubsub-0.0.0-py3.8.egg-info' (and everything under it)
[4.178s] Copying ../../build/py_pubsub/py_pubsub.egg-info to /home/joe/robot_ws/install/py_pubsub/lib/python3.8/site-packages/py_pubsub-0.0.0-py3.8.egg-info
[4.189s] running install_scripts
[4.275s] Installing controller script to /home/joe/robot_ws/install/py_pubsub/lib/py_pubsub
[4.276s] Installing robot script to /home/joe/robot_ws/install/py_pubsub/lib/py_pubsub
[4.277s] writing list of installed files to '/home/joe/robot_ws/build/py_pubsub/install.log'
[4.384s] Invoked command in '/home/joe/robot_ws/src/py_pubsub' returned '0': PYTHONPATH=/home/joe/robot_ws/build/py_pubsub/prefix_override:/home/joe/robot_ws/install/py_pubsub/lib/python3.8/site-packages: /usr/bin/python3 setup.py egg_info --egg-base ../../build/py_pubsub build --build-base /home/joe/robot_ws/build/py_pubsub/build install --record /home/joe/robot_ws/build/py_pubsub/install.log --install-scripts $base/lib/py_pubsub --single-version-externally-managed
