[3.071s] Invoking command in '/home/joe/robot_ws/src/py_pubsub': PYTHONPATH=/home/joe/robot_ws/build/py_pubsub/prefix_override:/home/joe/robot_ws/install/py_pubsub/lib/python3.8/site-packages: /usr/bin/python3 setup.py egg_info --egg-base ../../build/py_pubsub build --build-base /home/joe/robot_ws/build/py_pubsub/build install --record /home/joe/robot_ws/build/py_pubsub/install.log --install-scripts $base/lib/py_pubsub --single-version-externally-managed
[3.965s] running egg_info
[3.968s] writing ../../build/py_pubsub/py_pubsub.egg-info/PKG-INFO
[3.969s] writing dependency_links to ../../build/py_pubsub/py_pubsub.egg-info/dependency_links.txt
[3.970s] writing entry points to ../../build/py_pubsub/py_pubsub.egg-info/entry_points.txt
[3.970s] writing requirements to ../../build/py_pubsub/py_pubsub.egg-info/requires.txt
[3.971s] writing top-level names to ../../build/py_pubsub/py_pubsub.egg-info/top_level.txt
[4.142s] reading manifest file '../../build/py_pubsub/py_pubsub.egg-info/SOURCES.txt'
[4.152s] writing manifest file '../../build/py_pubsub/py_pubsub.egg-info/SOURCES.txt'
[4.152s] running build
[4.153s] running build_py
[4.153s] copying py_pubsub/controller.py -> /home/joe/robot_ws/build/py_pubsub/build/lib/py_pubsub
[4.154s] running install
[4.158s] running install_lib
[4.162s] copying /home/joe/robot_ws/build/py_pubsub/build/lib/py_pubsub/controller.py -> /home/joe/robot_ws/install/py_pubsub/lib/python3.8/site-packages/py_pubsub
[4.165s] byte-compiling /home/joe/robot_ws/install/py_pubsub/lib/python3.8/site-packages/py_pubsub/controller.py to controller.cpython-38.pyc
[4.172s] running install_data
[4.174s] running install_egg_info
[4.180s] removing '/home/joe/robot_ws/install/py_pubsub/lib/python3.8/site-packages/py_pubsub-0.0.0-py3.8.egg-info' (and everything under it)
[4.181s] Copying ../../build/py_pubsub/py_pubsub.egg-info to /home/joe/robot_ws/install/py_pubsub/lib/python3.8/site-packages/py_pubsub-0.0.0-py3.8.egg-info
[4.189s] running install_scripts
[4.260s] Installing controller script to /home/joe/robot_ws/install/py_pubsub/lib/py_pubsub
[4.261s] Installing robot script to /home/joe/robot_ws/install/py_pubsub/lib/py_pubsub
[4.263s] writing list of installed files to '/home/joe/robot_ws/build/py_pubsub/install.log'
[4.368s] Invoked command in '/home/joe/robot_ws/src/py_pubsub' returned '0': PYTHONPATH=/home/joe/robot_ws/build/py_pubsub/prefix_override:/home/joe/robot_ws/install/py_pubsub/lib/python3.8/site-packages: /usr/bin/python3 setup.py egg_info --egg-base ../../build/py_pubsub build --build-base /home/joe/robot_ws/build/py_pubsub/build install --record /home/joe/robot_ws/build/py_pubsub/install.log --install-scripts $base/lib/py_pubsub --single-version-externally-managed
