[3.327s] Invoking command in '/home/joe/robot_ws/src/py_pubsub': PYTHONPATH=/home/joe/robot_ws/build/py_pubsub/prefix_override:/home/joe/robot_ws/install/py_pubsub/lib/python3.8/site-packages: /usr/bin/python3 setup.py egg_info --egg-base ../../build/py_pubsub build --build-base /home/joe/robot_ws/build/py_pubsub/build install --record /home/joe/robot_ws/build/py_pubsub/install.log --install-scripts $base/lib/py_pubsub --single-version-externally-managed
[4.331s] running egg_info
[4.333s] writing ../../build/py_pubsub/py_pubsub.egg-info/PKG-INFO
[4.334s] writing dependency_links to ../../build/py_pubsub/py_pubsub.egg-info/dependency_links.txt
[4.335s] writing entry points to ../../build/py_pubsub/py_pubsub.egg-info/entry_points.txt
[4.335s] writing requirements to ../../build/py_pubsub/py_pubsub.egg-info/requires.txt
[4.336s] writing top-level names to ../../build/py_pubsub/py_pubsub.egg-info/top_level.txt
[4.529s] reading manifest file '../../build/py_pubsub/py_pubsub.egg-info/SOURCES.txt'
[4.532s] writing manifest file '../../build/py_pubsub/py_pubsub.egg-info/SOURCES.txt'
[4.533s] running build
[4.533s] running build_py
[4.534s] running install
[4.537s] running install_lib
[4.543s] running install_data
[4.546s] copying launch/robot_launch.py -> /home/joe/robot_ws/install/py_pubsub/share/py_pubsub
[4.548s] running install_egg_info
[4.556s] removing '/home/joe/robot_ws/install/py_pubsub/lib/python3.8/site-packages/py_pubsub-0.0.0-py3.8.egg-info' (and everything under it)
[4.557s] Copying ../../build/py_pubsub/py_pubsub.egg-info to /home/joe/robot_ws/install/py_pubsub/lib/python3.8/site-packages/py_pubsub-0.0.0-py3.8.egg-info
[4.565s] running install_scripts
[4.632s] Installing controller script to /home/joe/robot_ws/install/py_pubsub/lib/py_pubsub
[4.633s] Installing robot script to /home/joe/robot_ws/install/py_pubsub/lib/py_pubsub
[4.634s] writing list of installed files to '/home/joe/robot_ws/build/py_pubsub/install.log'
[4.739s] Invoked command in '/home/joe/robot_ws/src/py_pubsub' returned '0': PYTHONPATH=/home/joe/robot_ws/build/py_pubsub/prefix_override:/home/joe/robot_ws/install/py_pubsub/lib/python3.8/site-packages: /usr/bin/python3 setup.py egg_info --egg-base ../../build/py_pubsub build --build-base /home/joe/robot_ws/build/py_pubsub/build install --record /home/joe/robot_ws/build/py_pubsub/install.log --install-scripts $base/lib/py_pubsub --single-version-externally-managed
