[1.741s] DEBUG:colcon:Command line arguments: ['/usr/bin/colcon', 'build']
[1.741s] DEBUG:colcon:Parsed command line arguments: Namespace(allow_overriding=[], ament_cmake_args=None, base_paths=['.'], build_base='build', catkin_cmake_args=None, catkin_skip_building_tests=False, cmake_args=None, cmake_clean_cache=False, cmake_clean_first=False, cmake_force_configure=False, cmake_target=None, cmake_target_skip_unavailable=False, continue_on_error=False, event_handlers=None, executor='parallel', ignore_user_meta=False, install_base='install', log_base=None, log_level=None, main=<bound method BuildVerb.main of <colcon_core.verb.build.BuildVerb object at 0x7faaaed8b0>>, merge_install=False, metas=['./colcon.meta'], packages_above=None, packages_above_and_dependencies=None, packages_above_depth=None, packages_end=None, packages_ignore=None, packages_ignore_regex=None, packages_select=None, packages_select_build_failed=False, packages_select_by_dep=None, packages_select_regex=None, packages_select_test_failures=False, packages_skip=None, packages_skip_build_finished=False, packages_skip_by_dep=None, packages_skip_regex=None, packages_skip_test_passed=False, packages_skip_up_to=None, packages_start=None, packages_up_to=None, packages_up_to_regex=None, parallel_workers=4, paths=None, symlink_install=False, test_result_base=None, verb_extension=<colcon_core.verb.build.BuildVerb object at 0x7faaaed8b0>, verb_name='build', verb_parser=<colcon_defaults.argument_parser.defaults.DefaultArgumentsDecorator object at 0x7faaaede20>)
[1.958s] Level 1:colcon.colcon_core.package_discovery:discover_packages(colcon_meta) check parameters
[1.958s] Level 1:colcon.colcon_core.package_discovery:discover_packages(recursive) check parameters
[1.958s] Level 1:colcon.colcon_core.package_discovery:discover_packages(ignore) check parameters
[1.958s] Level 1:colcon.colcon_core.package_discovery:discover_packages(path) check parameters
[1.959s] Level 1:colcon.colcon_core.package_discovery:discover_packages(colcon_meta) discover
[1.959s] Level 1:colcon.colcon_core.package_discovery:discover_packages(recursive) discover
[1.959s] INFO:colcon.colcon_core.package_discovery:Crawling recursively for packages in '/home/joe/robot_ws'
[1.959s] Level 1:colcon.colcon_core.package_identification:_identify(.) by extensions ['ignore', 'ignore_ament_install']
[1.960s] Level 1:colcon.colcon_core.package_identification:_identify(.) by extension 'ignore'
[1.960s] Level 1:colcon.colcon_core.package_identification:_identify(.) by extension 'ignore_ament_install'
[1.960s] Level 1:colcon.colcon_core.package_identification:_identify(.) by extensions ['colcon_pkg']
[1.961s] Level 1:colcon.colcon_core.package_identification:_identify(.) by extension 'colcon_pkg'
[1.961s] Level 1:colcon.colcon_core.package_identification:_identify(.) by extensions ['colcon_meta']
[1.961s] Level 1:colcon.colcon_core.package_identification:_identify(.) by extension 'colcon_meta'
[1.961s] Level 1:colcon.colcon_core.package_identification:_identify(.) by extensions ['ros']
[1.961s] Level 1:colcon.colcon_core.package_identification:_identify(.) by extension 'ros'
[2.063s] Level 1:colcon.colcon_core.package_identification:_identify(.) by extensions ['cmake', 'python']
[2.064s] Level 1:colcon.colcon_core.package_identification:_identify(.) by extension 'cmake'
[2.064s] Level 1:colcon.colcon_core.package_identification:_identify(.) by extension 'python'
[2.064s] Level 1:colcon.colcon_core.package_identification:_identify(.) by extensions ['python_setup_py']
[2.064s] Level 1:colcon.colcon_core.package_identification:_identify(.) by extension 'python_setup_py'
[2.065s] Level 1:colcon.colcon_core.package_identification:_identify(build) by extensions ['ignore', 'ignore_ament_install']
[2.065s] Level 1:colcon.colcon_core.package_identification:_identify(build) by extension 'ignore'
[2.066s] Level 1:colcon.colcon_core.package_identification:_identify(build) ignored
[2.066s] Level 1:colcon.colcon_core.package_identification:_identify(install) by extensions ['ignore', 'ignore_ament_install']
[2.067s] Level 1:colcon.colcon_core.package_identification:_identify(install) by extension 'ignore'
[2.067s] Level 1:colcon.colcon_core.package_identification:_identify(install) ignored
[2.068s] Level 1:colcon.colcon_core.package_identification:_identify(log) by extensions ['ignore', 'ignore_ament_install']
[2.068s] Level 1:colcon.colcon_core.package_identification:_identify(log) by extension 'ignore'
[2.068s] Level 1:colcon.colcon_core.package_identification:_identify(log) ignored
[2.068s] Level 1:colcon.colcon_core.package_identification:_identify(src) by extensions ['ignore', 'ignore_ament_install']
[2.069s] Level 1:colcon.colcon_core.package_identification:_identify(src) by extension 'ignore'
[2.069s] Level 1:colcon.colcon_core.package_identification:_identify(src) by extension 'ignore_ament_install'
[2.069s] Level 1:colcon.colcon_core.package_identification:_identify(src) by extensions ['colcon_pkg']
[2.069s] Level 1:colcon.colcon_core.package_identification:_identify(src) by extension 'colcon_pkg'
[2.070s] Level 1:colcon.colcon_core.package_identification:_identify(src) by extensions ['colcon_meta']
[2.070s] Level 1:colcon.colcon_core.package_identification:_identify(src) by extension 'colcon_meta'
[2.070s] Level 1:colcon.colcon_core.package_identification:_identify(src) by extensions ['ros']
[2.070s] Level 1:colcon.colcon_core.package_identification:_identify(src) by extension 'ros'
[2.070s] Level 1:colcon.colcon_core.package_identification:_identify(src) by extensions ['cmake', 'python']
[2.071s] Level 1:colcon.colcon_core.package_identification:_identify(src) by extension 'cmake'
[2.071s] Level 1:colcon.colcon_core.package_identification:_identify(src) by extension 'python'
[2.071s] Level 1:colcon.colcon_core.package_identification:_identify(src) by extensions ['python_setup_py']
[2.071s] Level 1:colcon.colcon_core.package_identification:_identify(src) by extension 'python_setup_py'
[2.072s] Level 1:colcon.colcon_core.package_identification:_identify(src/py_pubsub) by extensions ['ignore', 'ignore_ament_install']
[2.072s] Level 1:colcon.colcon_core.package_identification:_identify(src/py_pubsub) by extension 'ignore'
[2.072s] Level 1:colcon.colcon_core.package_identification:_identify(src/py_pubsub) by extension 'ignore_ament_install'
[2.072s] Level 1:colcon.colcon_core.package_identification:_identify(src/py_pubsub) by extensions ['colcon_pkg']
[2.072s] Level 1:colcon.colcon_core.package_identification:_identify(src/py_pubsub) by extension 'colcon_pkg'
[2.073s] Level 1:colcon.colcon_core.package_identification:_identify(src/py_pubsub) by extensions ['colcon_meta']
[2.073s] Level 1:colcon.colcon_core.package_identification:_identify(src/py_pubsub) by extension 'colcon_meta'
[2.073s] Level 1:colcon.colcon_core.package_identification:_identify(src/py_pubsub) by extensions ['ros']
[2.073s] Level 1:colcon.colcon_core.package_identification:_identify(src/py_pubsub) by extension 'ros'
[2.089s] DEBUG:colcon.colcon_core.package_identification:Package 'src/py_pubsub' with type 'ros.ament_python' and name 'py_pubsub'
[2.089s] Level 1:colcon.colcon_core.package_discovery:discover_packages(recursive) using defaults
[2.089s] Level 1:colcon.colcon_core.package_discovery:discover_packages(ignore) discover
[2.090s] Level 1:colcon.colcon_core.package_discovery:discover_packages(ignore) using defaults
[2.090s] Level 1:colcon.colcon_core.package_discovery:discover_packages(path) discover
[2.090s] Level 1:colcon.colcon_core.package_discovery:discover_packages(path) using defaults
[2.215s] Level 1:colcon.colcon_core.package_discovery:discover_packages(prefix_path) check parameters
[2.215s] Level 1:colcon.colcon_core.package_discovery:discover_packages(prefix_path) discover
[2.229s] Level 1:colcon.colcon_core.package_discovery:discover_packages(prefix_path) using defaults
[2.242s] Level 5:colcon.colcon_core.verb:set package 'py_pubsub' build argument 'cmake_args' from command line to 'None'
[2.242s] Level 5:colcon.colcon_core.verb:set package 'py_pubsub' build argument 'cmake_target' from command line to 'None'
[2.242s] Level 5:colcon.colcon_core.verb:set package 'py_pubsub' build argument 'cmake_target_skip_unavailable' from command line to 'False'
[2.242s] Level 5:colcon.colcon_core.verb:set package 'py_pubsub' build argument 'cmake_clean_cache' from command line to 'False'
[2.243s] Level 5:colcon.colcon_core.verb:set package 'py_pubsub' build argument 'cmake_clean_first' from command line to 'False'
[2.243s] Level 5:colcon.colcon_core.verb:set package 'py_pubsub' build argument 'cmake_force_configure' from command line to 'False'
[2.243s] Level 5:colcon.colcon_core.verb:set package 'py_pubsub' build argument 'ament_cmake_args' from command line to 'None'
[2.243s] Level 5:colcon.colcon_core.verb:set package 'py_pubsub' build argument 'catkin_cmake_args' from command line to 'None'
[2.243s] Level 5:colcon.colcon_core.verb:set package 'py_pubsub' build argument 'catkin_skip_building_tests' from command line to 'False'
[2.243s] DEBUG:colcon.colcon_core.verb:Building package 'py_pubsub' with the following arguments: {'ament_cmake_args': None, 'build_base': '/home/joe/robot_ws/build/py_pubsub', 'catkin_cmake_args': None, 'catkin_skip_building_tests': False, 'cmake_args': None, 'cmake_clean_cache': False, 'cmake_clean_first': False, 'cmake_force_configure': False, 'cmake_target': None, 'cmake_target_skip_unavailable': False, 'install_base': '/home/joe/robot_ws/install/py_pubsub', 'merge_install': False, 'path': '/home/joe/robot_ws/src/py_pubsub', 'symlink_install': False, 'test_result_base': None}
[2.246s] INFO:colcon.colcon_core.executor:Executing jobs using 'parallel' executor
[2.262s] DEBUG:colcon.colcon_parallel_executor.executor.parallel:run_until_complete
[2.263s] INFO:colcon.colcon_ros.task.ament_python.build:Building ROS package in '/home/joe/robot_ws/src/py_pubsub' with build type 'ament_python'
[2.263s] Level 1:colcon.colcon_core.shell:create_environment_hook('py_pubsub', 'ament_prefix_path')
[2.315s] INFO:colcon.colcon_core.plugin_system:Skipping extension 'colcon_core.shell.bat': Not used on non-Windows systems
[2.316s] INFO:colcon.colcon_core.shell:Creating environment hook '/home/joe/robot_ws/install/py_pubsub/share/py_pubsub/hook/ament_prefix_path.ps1'
[2.322s] INFO:colcon.colcon_core.shell:Creating environment descriptor '/home/joe/robot_ws/install/py_pubsub/share/py_pubsub/hook/ament_prefix_path.dsv'
[2.325s] INFO:colcon.colcon_core.shell:Creating environment hook '/home/joe/robot_ws/install/py_pubsub/share/py_pubsub/hook/ament_prefix_path.sh'
[2.335s] INFO:colcon.colcon_core.shell:Skip shell extension 'powershell' for command environment: Not usable outside of PowerShell
[2.335s] DEBUG:colcon.colcon_core.shell:Skip shell extension 'dsv' for command environment
[3.378s] INFO:colcon.colcon_core.task.python.build:Building Python package in '/home/joe/robot_ws/src/py_pubsub'
[3.387s] INFO:colcon.colcon_core.shell:Skip shell extension 'powershell' for command environment: Not usable outside of PowerShell
[3.388s] DEBUG:colcon.colcon_core.shell:Skip shell extension 'dsv' for command environment
[5.593s] DEBUG:colcon.colcon_core.event_handler.log_command:Invoking command in '/home/joe/robot_ws/src/py_pubsub': PYTHONPATH=/home/joe/robot_ws/build/py_pubsub/prefix_override:/home/joe/robot_ws/install/py_pubsub/lib/python3.8/site-packages: /usr/bin/python3 setup.py egg_info --egg-base ../../build/py_pubsub build --build-base /home/joe/robot_ws/build/py_pubsub/build install --record /home/joe/robot_ws/build/py_pubsub/install.log --install-scripts $base/lib/py_pubsub --single-version-externally-managed
[7.004s] DEBUG:colcon.colcon_core.event_handler.log_command:Invoked command in '/home/joe/robot_ws/src/py_pubsub' returned '0': PYTHONPATH=/home/joe/robot_ws/build/py_pubsub/prefix_override:/home/joe/robot_ws/install/py_pubsub/lib/python3.8/site-packages: /usr/bin/python3 setup.py egg_info --egg-base ../../build/py_pubsub build --build-base /home/joe/robot_ws/build/py_pubsub/build install --record /home/joe/robot_ws/build/py_pubsub/install.log --install-scripts $base/lib/py_pubsub --single-version-externally-managed
[7.058s] Level 1:colcon.colcon_core.environment:checking '/home/joe/robot_ws/install/py_pubsub' for CMake module files
[7.061s] Level 1:colcon.colcon_core.environment:checking '/home/joe/robot_ws/install/py_pubsub' for CMake config files
[7.064s] Level 1:colcon.colcon_core.environment:checking '/home/joe/robot_ws/install/py_pubsub/lib'
[7.064s] Level 1:colcon.colcon_core.environment:checking '/home/joe/robot_ws/install/py_pubsub/bin'
[7.065s] Level 1:colcon.colcon_core.environment:checking '/home/joe/robot_ws/install/py_pubsub/lib/pkgconfig/py_pubsub.pc'
[7.066s] Level 1:colcon.colcon_core.environment:checking '/home/joe/robot_ws/install/py_pubsub/lib/python3.8/site-packages'
[7.066s] Level 1:colcon.colcon_core.shell:create_environment_hook('py_pubsub', 'pythonpath')
[7.073s] INFO:colcon.colcon_core.shell:Creating environment hook '/home/joe/robot_ws/install/py_pubsub/share/py_pubsub/hook/pythonpath.ps1'
[7.075s] INFO:colcon.colcon_core.shell:Creating environment descriptor '/home/joe/robot_ws/install/py_pubsub/share/py_pubsub/hook/pythonpath.dsv'
[7.076s] INFO:colcon.colcon_core.shell:Creating environment hook '/home/joe/robot_ws/install/py_pubsub/share/py_pubsub/hook/pythonpath.sh'
[7.078s] Level 1:colcon.colcon_core.environment:checking '/home/joe/robot_ws/install/py_pubsub/bin'
[7.079s] Level 1:colcon.colcon_core.environment:create_environment_scripts_only(py_pubsub)
[7.086s] INFO:colcon.colcon_core.shell:Creating package script '/home/joe/robot_ws/install/py_pubsub/share/py_pubsub/package.ps1'
[7.092s] INFO:colcon.colcon_core.shell:Creating package descriptor '/home/joe/robot_ws/install/py_pubsub/share/py_pubsub/package.dsv'
[7.095s] INFO:colcon.colcon_core.shell:Creating package script '/home/joe/robot_ws/install/py_pubsub/share/py_pubsub/package.sh'
[7.099s] INFO:colcon.colcon_core.shell:Creating package script '/home/joe/robot_ws/install/py_pubsub/share/py_pubsub/package.bash'
[7.105s] INFO:colcon.colcon_core.shell:Creating package script '/home/joe/robot_ws/install/py_pubsub/share/py_pubsub/package.zsh'
[7.111s] Level 1:colcon.colcon_core.environment:create_file_with_runtime_dependencies(/home/joe/robot_ws/install/py_pubsub/share/colcon-core/packages/py_pubsub)
[7.113s] DEBUG:colcon.colcon_parallel_executor.executor.parallel:closing loop
[7.115s] DEBUG:colcon.colcon_parallel_executor.executor.parallel:loop closed
[7.115s] DEBUG:colcon.colcon_parallel_executor.executor.parallel:run_until_complete finished with '0'
[7.117s] DEBUG:colcon.colcon_core.event_reactor:joining thread
[7.151s] INFO:colcon.colcon_core.plugin_system:Skipping extension 'colcon_notification.desktop_notification.terminal_notifier': Not used on non-Darwin systems
[7.152s] INFO:colcon.colcon_core.plugin_system:Skipping extension 'colcon_notification.desktop_notification.win32': Not used on non-Windows systems
[7.152s] INFO:colcon.colcon_notification.desktop_notification:Sending desktop notification using 'notify2'
[8.043s] DEBUG:colcon.colcon_core.event_reactor:joined thread
[8.053s] INFO:colcon.colcon_core.shell:Creating prefix script '/home/joe/robot_ws/install/local_setup.ps1'
[8.060s] INFO:colcon.colcon_core.shell:Creating prefix util module '/home/joe/robot_ws/install/_local_setup_util_ps1.py'
[8.068s] INFO:colcon.colcon_core.shell:Creating prefix chain script '/home/joe/robot_ws/install/setup.ps1'
[8.078s] INFO:colcon.colcon_core.shell:Creating prefix script '/home/joe/robot_ws/install/local_setup.sh'
[8.082s] INFO:colcon.colcon_core.shell:Creating prefix util module '/home/joe/robot_ws/install/_local_setup_util_sh.py'
[8.084s] INFO:colcon.colcon_core.shell:Creating prefix chain script '/home/joe/robot_ws/install/setup.sh'
[8.092s] INFO:colcon.colcon_core.shell:Creating prefix script '/home/joe/robot_ws/install/local_setup.bash'
[8.095s] INFO:colcon.colcon_core.shell:Creating prefix chain script '/home/joe/robot_ws/install/setup.bash'
[8.101s] INFO:colcon.colcon_core.shell:Creating prefix script '/home/joe/robot_ws/install/local_setup.zsh'
[8.104s] INFO:colcon.colcon_core.shell:Creating prefix chain script '/home/joe/robot_ws/install/setup.zsh'
