[2.756s] Invoking command in '/home/joe/robot_ws/src/py_pubsub': PYTHONPATH=/home/joe/robot_ws/build/py_pubsub/prefix_override:/home/joe/robot_ws/install/py_pubsub/lib/python3.8/site-packages: /usr/bin/python3 setup.py egg_info --egg-base ../../build/py_pubsub build --build-base /home/joe/robot_ws/build/py_pubsub/build install --record /home/joe/robot_ws/build/py_pubsub/install.log --install-scripts $base/lib/py_pubsub --single-version-externally-managed
[3.643s] running egg_info
[3.646s] writing ../../build/py_pubsub/py_pubsub.egg-info/PKG-INFO
[3.646s] writing dependency_links to ../../build/py_pubsub/py_pubsub.egg-info/dependency_links.txt
[3.647s] writing entry points to ../../build/py_pubsub/py_pubsub.egg-info/entry_points.txt
[3.648s] writing requirements to ../../build/py_pubsub/py_pubsub.egg-info/requires.txt
[3.648s] writing top-level names to ../../build/py_pubsub/py_pubsub.egg-info/top_level.txt
[3.817s] reading manifest file '../../build/py_pubsub/py_pubsub.egg-info/SOURCES.txt'
[3.821s] writing manifest file '../../build/py_pubsub/py_pubsub.egg-info/SOURCES.txt'
[3.821s] running build
[3.822s] running build_py
[3.823s] running install
[3.826s] running install_lib
[3.833s] running install_data
[3.835s] running install_egg_info
[3.842s] removing '/home/joe/robot_ws/install/py_pubsub/lib/python3.8/site-packages/py_pubsub-0.0.0-py3.8.egg-info' (and everything under it)
[3.844s] Copying ../../build/py_pubsub/py_pubsub.egg-info to /home/joe/robot_ws/install/py_pubsub/lib/python3.8/site-packages/py_pubsub-0.0.0-py3.8.egg-info
[3.848s] running install_scripts
[3.917s] Installing controller script to /home/joe/robot_ws/install/py_pubsub/lib/py_pubsub
[3.917s] Installing robot script to /home/joe/robot_ws/install/py_pubsub/lib/py_pubsub
[3.918s] writing list of installed files to '/home/joe/robot_ws/build/py_pubsub/install.log'
[4.027s] Invoked command in '/home/joe/robot_ws/src/py_pubsub' returned '0': PYTHONPATH=/home/joe/robot_ws/build/py_pubsub/prefix_override:/home/joe/robot_ws/install/py_pubsub/lib/python3.8/site-packages: /usr/bin/python3 setup.py egg_info --egg-base ../../build/py_pubsub build --build-base /home/joe/robot_ws/build/py_pubsub/build install --record /home/joe/robot_ws/build/py_pubsub/install.log --install-scripts $base/lib/py_pubsub --single-version-externally-managed
